Added Component: Designator=D4(KPDELPS1FPQISI34U5152S)
Add component (AddParameter): Name = "Arrow Part Number"; Value = ""; VariantName = "[No Variations]"
Add component (AddParameter): Name = "Arrow Price/Stock"; Value = ""; VariantName = "[No Variations]"
Add component (AddParameter): Name = "Datasheet Link"; Value = "https://www.dialog-semiconductor.com/sites/default/files/2021-09/DA14531_datasheet_3v4.pdf"; VariantName = "[No Variations]"
Add component (AddParameter): Name = "Geometry.Height"; Value = "0.7mm"; VariantName = "[No Variations]"
Add component (AddParameter): Name = "Manufacturer_Name"; Value = "AMS OSRAM GROUP"; VariantName = "[No Variations]"
Add component (AddParameter): Name = "Manufacturer_Part_Number"; Value = "KP DELPS1.FP-QISI-34-U515-2-S"; VariantName = "[No Variations]"
Add component (AddParameter): Name = "Mouser Part Number"; Value = "720-KPDELPS1FPA0817"; VariantName = "[No Variations]"
Add component (AddParameter): Name = "Mouser Price/Stock"; Value = "https://www.mouser.co.uk/ProductDetail/ams-OSRAM/KP-DELPS1FP-QISI-34-U515-2-S?qs=CiayqK2gdcI39hBNO3GmaQ%3D%3D"; VariantName = "[No Variations]"
Add component (AddParameter): Name = "Mouser Testing Part Number"; Value = ""; VariantName = "[No Variations]"
Add component (AddParameter): Name = "Mouser Testing Price/Stock"; Value = ""; VariantName = "[No Variations]"
Added Component: Designator=D5(KPDELPS1FPQISI34U5152S)
Add component (AddParameter): Name = "Arrow Part Number"; Value = ""; VariantName = "[No Variations]"
Add component (AddParameter): Name = "Arrow Price/Stock"; Value = ""; VariantName = "[No Variations]"
Add component (AddParameter): Name = "Datasheet Link"; Value = "https://www.dialog-semiconductor.com/sites/default/files/2021-09/DA14531_datasheet_3v4.pdf"; VariantName = "[No Variations]"
Add component (AddParameter): Name = "Geometry.Height"; Value = "0.7mm"; VariantName = "[No Variations]"
Add component (AddParameter): Name = "Manufacturer_Name"; Value = "AMS OSRAM GROUP"; VariantName = "[No Variations]"
Add component (AddParameter): Name = "Manufacturer_Part_Number"; Value = "KP DELPS1.FP-QISI-34-U515-2-S"; VariantName = "[No Variations]"
Add component (AddParameter): Name = "Mouser Part Number"; Value = "720-KPDELPS1FPA0817"; VariantName = "[No Variations]"
Add component (AddParameter): Name = "Mouser Price/Stock"; Value = "https://www.mouser.co.uk/ProductDetail/ams-OSRAM/KP-DELPS1FP-QISI-34-U515-2-S?qs=CiayqK2gdcI39hBNO3GmaQ%3D%3D"; VariantName = "[No Variations]"
Add component (AddParameter): Name = "Mouser Testing Part Number"; Value = ""; VariantName = "[No Variations]"
Add component (AddParameter): Name = "Mouser Testing Price/Stock"; Value = ""; VariantName = "[No Variations]"
Added Component: Designator=D6(KPDELPS1FPQISI34U5152S)
Add component (AddParameter): Name = "Arrow Part Number"; Value = ""; VariantName = "[No Variations]"
Add component (AddParameter): Name = "Arrow Price/Stock"; Value = ""; VariantName = "[No Variations]"
Add component (AddParameter): Name = "Datasheet Link"; Value = "https://www.dialog-semiconductor.com/sites/default/files/2021-09/DA14531_datasheet_3v4.pdf"; VariantName = "[No Variations]"
Add component (AddParameter): Name = "Geometry.Height"; Value = "0.7mm"; VariantName = "[No Variations]"
Add component (AddParameter): Name = "Manufacturer_Name"; Value = "AMS OSRAM GROUP"; VariantName = "[No Variations]"
Add component (AddParameter): Name = "Manufacturer_Part_Number"; Value = "KP DELPS1.FP-QISI-34-U515-2-S"; VariantName = "[No Variations]"
Add component (AddParameter): Name = "Mouser Part Number"; Value = "720-KPDELPS1FPA0817"; VariantName = "[No Variations]"
Add component (AddParameter): Name = "Mouser Price/Stock"; Value = "https://www.mouser.co.uk/ProductDetail/ams-OSRAM/KP-DELPS1FP-QISI-34-U515-2-S?qs=CiayqK2gdcI39hBNO3GmaQ%3D%3D"; VariantName = "[No Variations]"
Add component (AddParameter): Name = "Mouser Testing Part Number"; Value = ""; VariantName = "[No Variations]"
Add component (AddParameter): Name = "Mouser Testing Price/Stock"; Value = ""; VariantName = "[No Variations]"
Added Component: Designator=D7(KPDELPS1FPQISI34U5152S)
Add component (AddParameter): Name = "Arrow Part Number"; Value = ""; VariantName = "[No Variations]"
Add component (AddParameter): Name = "Arrow Price/Stock"; Value = ""; VariantName = "[No Variations]"
Add component (AddParameter): Name = "Datasheet Link"; Value = "https://www.dialog-semiconductor.com/sites/default/files/2021-09/DA14531_datasheet_3v4.pdf"; VariantName = "[No Variations]"
Add component (AddParameter): Name = "Geometry.Height"; Value = "0.7mm"; VariantName = "[No Variations]"
Add component (AddParameter): Name = "Manufacturer_Name"; Value = "AMS OSRAM GROUP"; VariantName = "[No Variations]"
Add component (AddParameter): Name = "Manufacturer_Part_Number"; Value = "KP DELPS1.FP-QISI-34-U515-2-S"; VariantName = "[No Variations]"
Add component (AddParameter): Name = "Mouser Part Number"; Value = "720-KPDELPS1FPA0817"; VariantName = "[No Variations]"
Add component (AddParameter): Name = "Mouser Price/Stock"; Value = "https://www.mouser.co.uk/ProductDetail/ams-OSRAM/KP-DELPS1FP-QISI-34-U515-2-S?qs=CiayqK2gdcI39hBNO3GmaQ%3D%3D"; VariantName = "[No Variations]"
Add component (AddParameter): Name = "Mouser Testing Part Number"; Value = ""; VariantName = "[No Variations]"
Add component (AddParameter): Name = "Mouser Testing Price/Stock"; Value = ""; VariantName = "[No Variations]"
Added Component: Designator=D8(KPDELPS1FPQISI34U5152S)
Add component (AddParameter): Name = "Arrow Part Number"; Value = ""; VariantName = "[No Variations]"
Add component (AddParameter): Name = "Arrow Price/Stock"; Value = ""; VariantName = "[No Variations]"
Add component (AddParameter): Name = "Datasheet Link"; Value = "https://www.dialog-semiconductor.com/sites/default/files/2021-09/DA14531_datasheet_3v4.pdf"; VariantName = "[No Variations]"
Add component (AddParameter): Name = "Geometry.Height"; Value = "0.7mm"; VariantName = "[No Variations]"
Add component (AddParameter): Name = "Manufacturer_Name"; Value = "AMS OSRAM GROUP"; VariantName = "[No Variations]"
Add component (AddParameter): Name = "Manufacturer_Part_Number"; Value = "KP DELPS1.FP-QISI-34-U515-2-S"; VariantName = "[No Variations]"
Add component (AddParameter): Name = "Mouser Part Number"; Value = "720-KPDELPS1FPA0817"; VariantName = "[No Variations]"
Add component (AddParameter): Name = "Mouser Price/Stock"; Value = "https://www.mouser.co.uk/ProductDetail/ams-OSRAM/KP-DELPS1FP-QISI-34-U515-2-S?qs=CiayqK2gdcI39hBNO3GmaQ%3D%3D"; VariantName = "[No Variations]"
Add component (AddParameter): Name = "Mouser Testing Part Number"; Value = ""; VariantName = "[No Variations]"
Add component (AddParameter): Name = "Mouser Testing Price/Stock"; Value = ""; VariantName = "[No Variations]"
Added Component: Designator=D9(KPDELPS1FPQISI34U5152S)
Add component (AddParameter): Name = "Arrow Part Number"; Value = ""; VariantName = "[No Variations]"
Add component (AddParameter): Name = "Arrow Price/Stock"; Value = ""; VariantName = "[No Variations]"
Add component (AddParameter): Name = "Datasheet Link"; Value = "https://www.dialog-semiconductor.com/sites/default/files/2021-09/DA14531_datasheet_3v4.pdf"; VariantName = "[No Variations]"
Add component (AddParameter): Name = "Geometry.Height"; Value = "0.7mm"; VariantName = "[No Variations]"
Add component (AddParameter): Name = "Manufacturer_Name"; Value = "AMS OSRAM GROUP"; VariantName = "[No Variations]"
Add component (AddParameter): Name = "Manufacturer_Part_Number"; Value = "KP DELPS1.FP-QISI-34-U515-2-S"; VariantName = "[No Variations]"
Add component (AddParameter): Name = "Mouser Part Number"; Value = "720-KPDELPS1FPA0817"; VariantName = "[No Variations]"
Add component (AddParameter): Name = "Mouser Price/Stock"; Value = "https://www.mouser.co.uk/ProductDetail/ams-OSRAM/KP-DELPS1FP-QISI-34-U515-2-S?qs=CiayqK2gdcI39hBNO3GmaQ%3D%3D"; VariantName = "[No Variations]"
Add component (AddParameter): Name = "Mouser Testing Part Number"; Value = ""; VariantName = "[No Variations]"
Add component (AddParameter): Name = "Mouser Testing Price/Stock"; Value = ""; VariantName = "[No Variations]"
Added Component: Designator=J4(SAMTEC_MECF-40-01-X-DV-WT)
Add component (AddParameter): Name = "Availability"; Value = "Unavailable"; VariantName = "[No Variations]"
Add component (AddParameter): Name = "MF"; Value = "Samtec"; VariantName = "[No Variations]"
Add component (AddParameter): Name = "MP"; Value = "MECF-40-01-X-DV-WT"; VariantName = "[No Variations]"
Add component (AddParameter): Name = "Package"; Value = "None"; VariantName = "[No Variations]"
Add component (AddParameter): Name = "Price"; Value = "None"; VariantName = "[No Variations]"
Add component (AddParameter): Name = "Value"; Value = ""; VariantName = "[No Variations]"
Added Component: Designator=J5(SAMTEC_MECF-40-01-X-DV-WT)
Add component (AddParameter): Name = "Availability"; Value = "Unavailable"; VariantName = "[No Variations]"
Add component (AddParameter): Name = "MF"; Value = "Samtec"; VariantName = "[No Variations]"
Add component (AddParameter): Name = "MP"; Value = "MECF-40-01-X-DV-WT"; VariantName = "[No Variations]"
Add component (AddParameter): Name = "Package"; Value = "None"; VariantName = "[No Variations]"
Add component (AddParameter): Name = "Price"; Value = "None"; VariantName = "[No Variations]"
Add component (AddParameter): Name = "Value"; Value = ""; VariantName = "[No Variations]"
Added Component: Designator=J6(SAMTEC_MECF-40-01-X-DV-WT)
Add component (AddParameter): Name = "Availability"; Value = "Unavailable"; VariantName = "[No Variations]"
Add component (AddParameter): Name = "MF"; Value = "Samtec"; VariantName = "[No Variations]"
Add component (AddParameter): Name = "MP"; Value = "MECF-40-01-X-DV-WT"; VariantName = "[No Variations]"
Add component (AddParameter): Name = "Package"; Value = "None"; VariantName = "[No Variations]"
Add component (AddParameter): Name = "Price"; Value = "None"; VariantName = "[No Variations]"
Add component (AddParameter): Name = "Value"; Value = ""; VariantName = "[No Variations]"
Added Component: Designator=J7(SAMTEC_MECF-40-01-X-DV-WT)
Add component (AddParameter): Name = "Availability"; Value = "Unavailable"; VariantName = "[No Variations]"
Add component (AddParameter): Name = "MF"; Value = "Samtec"; VariantName = "[No Variations]"
Add component (AddParameter): Name = "MP"; Value = "MECF-40-01-X-DV-WT"; VariantName = "[No Variations]"
Add component (AddParameter): Name = "Package"; Value = "None"; VariantName = "[No Variations]"
Add component (AddParameter): Name = "Price"; Value = "None"; VariantName = "[No Variations]"
Add component (AddParameter): Name = "Value"; Value = ""; VariantName = "[No Variations]"
Added Component: Designator=J8(SAMTEC_MECF-40-01-X-DV-WT)
Add component (AddParameter): Name = "Availability"; Value = "Unavailable"; VariantName = "[No Variations]"
Add component (AddParameter): Name = "MF"; Value = "Samtec"; VariantName = "[No Variations]"
Add component (AddParameter): Name = "MP"; Value = "MECF-40-01-X-DV-WT"; VariantName = "[No Variations]"
Add component (AddParameter): Name = "Package"; Value = "None"; VariantName = "[No Variations]"
Add component (AddParameter): Name = "Price"; Value = "None"; VariantName = "[No Variations]"
Add component (AddParameter): Name = "Value"; Value = ""; VariantName = "[No Variations]"
Added Component: Designator=J9(SAMTEC_MECF-40-01-X-DV-WT)
Add component (AddParameter): Name = "Availability"; Value = "Unavailable"; VariantName = "[No Variations]"
Add component (AddParameter): Name = "MF"; Value = "Samtec"; VariantName = "[No Variations]"
Add component (AddParameter): Name = "MP"; Value = "MECF-40-01-X-DV-WT"; VariantName = "[No Variations]"
Add component (AddParameter): Name = "Package"; Value = "None"; VariantName = "[No Variations]"
Add component (AddParameter): Name = "Price"; Value = "None"; VariantName = "[No Variations]"
Add component (AddParameter): Name = "Value"; Value = ""; VariantName = "[No Variations]"
Added Component: Designator=R4(RESC2013X60X40NL20T25)
Add component (AddParameter): Name = "Manufacturer"; Value = "Panasonic"; VariantName = "[No Variations]"
Add component (AddParameter): Name = "Part Number"; Value = "ERA6AEB201V"; VariantName = "[No Variations]"
Added Component: Designator=R5(RESC2013X60X40NL20T25)
Add component (AddParameter): Name = "Manufacturer"; Value = "Panasonic"; VariantName = "[No Variations]"
Add component (AddParameter): Name = "Part Number"; Value = "ERA6AEB201V"; VariantName = "[No Variations]"
Added Component: Designator=R6(RESC2013X60X40NL20T25)
Add component (AddParameter): Name = "Manufacturer"; Value = "Panasonic"; VariantName = "[No Variations]"
Add component (AddParameter): Name = "Part Number"; Value = "ERA6AEB201V"; VariantName = "[No Variations]"
Added Component: Designator=R7(RESC2013X60X40NL20T25)
Add component (AddParameter): Name = "Manufacturer"; Value = "Panasonic"; VariantName = "[No Variations]"
Add component (AddParameter): Name = "Part Number"; Value = "ERA6AEB201V"; VariantName = "[No Variations]"
Added Component: Designator=R8(RESC2013X60X40NL20T25)
Add component (AddParameter): Name = "Manufacturer"; Value = "Panasonic"; VariantName = "[No Variations]"
Add component (AddParameter): Name = "Part Number"; Value = "ERA6AEB201V"; VariantName = "[No Variations]"
Added Component: Designator=R9(RESC2013X60X40NL20T25)
Add component (AddParameter): Name = "Manufacturer"; Value = "Panasonic"; VariantName = "[No Variations]"
Add component (AddParameter): Name = "Part Number"; Value = "ERA6AEB201V"; VariantName = "[No Variations]"
Added Pin To Net: NetName=GND Pin=D4-1
Added Pin To Net: NetName=GND Pin=D5-1
Added Pin To Net: NetName=GND Pin=D6-1
Added Pin To Net: NetName=GND Pin=D7-1
Added Pin To Net: NetName=GND Pin=D8-1
Added Pin To Net: NetName=GND Pin=D9-1
Added Pin To Net: NetName=GND Pin=J4-01
Added Pin To Net: NetName=SPI_SCK Pin=J4-02
Added Pin To Net: NetName=I2C0_SCL Pin=J4-03
Added Pin To Net: NetName=GND Pin=J4-04
Added Pin To Net: NetName=GND Pin=J4-05
Added Pin To Net: NetName=SPI_MOSI Pin=J4-06
Added Pin To Net: NetName=I2C0_SDA Pin=J4-07
Added Pin To Net: NetName=GND Pin=J4-08
Added Pin To Net: NetName=GND Pin=J4-09
Added Pin To Net: NetName=SPI_MISO Pin=J4-10
Added Pin To Net: NetName=GND Pin=J4-11
Added Pin To Net: NetName=GND Pin=J4-12
Added Pin To Net: NetName=+5V Pin=J4-13
Added Pin To Net: NetName=+3.3V Pin=J4-14
Added Pin To Net: NetName=+5V Pin=J4-15
Added Pin To Net: NetName=+3.3V Pin=J4-16
Added Pin To Net: NetName=GND Pin=J4-17
Added Pin To Net: NetName=GND Pin=J4-18
Added Pin To Net: NetName=GPIO0 Pin=J4-19
Added Pin To Net: NetName=UART0_RX Pin=J4-20
Added Pin To Net: NetName=GPIO1 Pin=J4-21
Added Pin To Net: NetName=UART0_TX Pin=J4-22
Added Pin To Net: NetName=GPIO2 Pin=J4-23
Added Pin To Net: NetName=UART1_RX Pin=J4-24
Added Pin To Net: NetName=GPIO3 Pin=J4-25
Added Pin To Net: NetName=UART1_TX Pin=J4-26
Added Pin To Net: NetName=GPIO4 Pin=J4-27
Added Pin To Net: NetName=UART2_RX Pin=J4-28
Added Pin To Net: NetName=GPIO5 Pin=J4-29
Added Pin To Net: NetName=UART2_TX Pin=J4-30
Added Pin To Net: NetName=GPIO6 Pin=J4-31
Added Pin To Net: NetName=UART3_RX Pin=J4-32
Added Pin To Net: NetName=GPIO7 Pin=J4-33
Added Pin To Net: NetName=UART3_TX Pin=J4-34
Added Pin To Net: NetName=GND Pin=J4-35
Added Pin To Net: NetName=GND Pin=J4-36
Added Pin To Net: NetName=A0 Pin=J4-37
Added Pin To Net: NetName=DAC0 Pin=J4-38
Added Pin To Net: NetName=A1 Pin=J4-39
Added Pin To Net: NetName=DAC1 Pin=J4-40
Added Pin To Net: NetName=A2 Pin=J4-41
Added Pin To Net: NetName=A13 Pin=J4-42
Added Pin To Net: NetName=A3 Pin=J4-43
Added Pin To Net: NetName=A12 Pin=J4-44
Added Pin To Net: NetName=A4 Pin=J4-45
Added Pin To Net: NetName=GND Pin=J4-46
Added Pin To Net: NetName=A5 Pin=J4-47
Added Pin To Net: NetName=GPIO23 Pin=J4-48
Added Pin To Net: NetName=A6 Pin=J4-49
Added Pin To Net: NetName=GPIO22 Pin=J4-50
Added Pin To Net: NetName=A7 Pin=J4-51
Added Pin To Net: NetName=GND Pin=J4-52
Added Pin To Net: NetName=GND Pin=J4-53
Added Pin To Net: NetName=I2C1_SCL Pin=J4-54
Added Pin To Net: NetName=GPIO8 Pin=J4-55
Added Pin To Net: NetName=GND Pin=J4-56
Added Pin To Net: NetName=GPIO9 Pin=J4-57
Added Pin To Net: NetName=I2C1_SDA Pin=J4-58
Added Pin To Net: NetName=GPIO10 Pin=J4-59
Added Pin To Net: NetName=Port Pin=J4-60
Added Pin To Net: NetName=GPIO11 Pin=J4-61
Added Pin To Net: NetName=Port Pin=J4-62
Added Pin To Net: NetName=GPIO12 Pin=J4-63
Added Pin To Net: NetName=Port Pin=J4-64
Added Pin To Net: NetName=GPIO13 Pin=J4-65
Added Pin To Net: NetName=Port Pin=J4-66
Added Pin To Net: NetName=GPIO14 Pin=J4-67
Added Pin To Net: NetName=Port Pin=J4-68
Added Pin To Net: NetName=GPIO15 Pin=J4-69
Added Pin To Net: NetName=Port Pin=J4-70
Added Pin To Net: NetName=GND Pin=J4-71
Added Pin To Net: NetName=GND Pin=J4-72
Added Pin To Net: NetName=+5V Pin=J4-73
Added Pin To Net: NetName=+3.3V Pin=J4-74
Added Pin To Net: NetName=+5V Pin=J4-75
Added Pin To Net: NetName=+3.3V Pin=J4-76
Added Pin To Net: NetName=GND Pin=J4-77
Added Pin To Net: NetName=GND Pin=J5-01
Added Pin To Net: NetName=SPI_SCK Pin=J5-02
Added Pin To Net: NetName=I2C0_SCL Pin=J5-03
Added Pin To Net: NetName=GND Pin=J5-04
Added Pin To Net: NetName=GND Pin=J5-05
Added Pin To Net: NetName=SPI_MOSI Pin=J5-06
Added Pin To Net: NetName=I2C0_SDA Pin=J5-07
Added Pin To Net: NetName=GND Pin=J5-08
Added Pin To Net: NetName=GND Pin=J5-09
Added Pin To Net: NetName=SPI_MISO Pin=J5-10
Added Pin To Net: NetName=GND Pin=J5-11
Added Pin To Net: NetName=GND Pin=J5-12
Added Pin To Net: NetName=+5V Pin=J5-13
Added Pin To Net: NetName=+3.3V Pin=J5-14
Added Pin To Net: NetName=+5V Pin=J5-15
Added Pin To Net: NetName=+3.3V Pin=J5-16
Added Pin To Net: NetName=GND Pin=J5-17
Added Pin To Net: NetName=GND Pin=J5-18
Added Pin To Net: NetName=GPIO0 Pin=J5-19
Added Pin To Net: NetName=UART0_RX Pin=J5-20
Added Pin To Net: NetName=GPIO1 Pin=J5-21
Added Pin To Net: NetName=UART0_TX Pin=J5-22
Added Pin To Net: NetName=GPIO2 Pin=J5-23
Added Pin To Net: NetName=UART1_RX Pin=J5-24
Added Pin To Net: NetName=GPIO3 Pin=J5-25
Added Pin To Net: NetName=UART1_TX Pin=J5-26
Added Pin To Net: NetName=GPIO4 Pin=J5-27
Added Pin To Net: NetName=UART2_RX Pin=J5-28
Added Pin To Net: NetName=GPIO5 Pin=J5-29
Added Pin To Net: NetName=UART2_TX Pin=J5-30
Added Pin To Net: NetName=GPIO6 Pin=J5-31
Added Pin To Net: NetName=UART3_RX Pin=J5-32
Added Pin To Net: NetName=GPIO7 Pin=J5-33
Added Pin To Net: NetName=UART3_TX Pin=J5-34
Added Pin To Net: NetName=GND Pin=J5-35
Added Pin To Net: NetName=GND Pin=J5-36
Added Pin To Net: NetName=A0 Pin=J5-37
Added Pin To Net: NetName=DAC0 Pin=J5-38
Added Pin To Net: NetName=A1 Pin=J5-39
Added Pin To Net: NetName=DAC1 Pin=J5-40
Added Pin To Net: NetName=A2 Pin=J5-41
Added Pin To Net: NetName=A13 Pin=J5-42
Added Pin To Net: NetName=A3 Pin=J5-43
Added Pin To Net: NetName=A12 Pin=J5-44
Added Pin To Net: NetName=A4 Pin=J5-45
Added Pin To Net: NetName=GND Pin=J5-46
Added Pin To Net: NetName=A5 Pin=J5-47
Added Pin To Net: NetName=GPIO23 Pin=J5-48
Added Pin To Net: NetName=A6 Pin=J5-49
Added Pin To Net: NetName=GPIO22 Pin=J5-50
Added Pin To Net: NetName=A7 Pin=J5-51
Added Pin To Net: NetName=GND Pin=J5-52
Added Pin To Net: NetName=GND Pin=J5-53
Added Pin To Net: NetName=I2C1_SCL Pin=J5-54
Added Pin To Net: NetName=GPIO8 Pin=J5-55
Added Pin To Net: NetName=GND Pin=J5-56
Added Pin To Net: NetName=GPIO9 Pin=J5-57
Added Pin To Net: NetName=I2C1_SDA Pin=J5-58
Added Pin To Net: NetName=GPIO10 Pin=J5-59
Added Pin To Net: NetName=Port Pin=J5-60
Added Pin To Net: NetName=GPIO11 Pin=J5-61
Added Pin To Net: NetName=Port Pin=J5-62
Added Pin To Net: NetName=GPIO12 Pin=J5-63
Added Pin To Net: NetName=Port Pin=J5-64
Added Pin To Net: NetName=GPIO13 Pin=J5-65
Added Pin To Net: NetName=Port Pin=J5-66
Added Pin To Net: NetName=GPIO14 Pin=J5-67
Added Pin To Net: NetName=Port Pin=J5-68
Added Pin To Net: NetName=GPIO15 Pin=J5-69
Added Pin To Net: NetName=Port Pin=J5-70
Added Pin To Net: NetName=GND Pin=J5-71
Added Pin To Net: NetName=GND Pin=J5-72
Added Pin To Net: NetName=+5V Pin=J5-73
Added Pin To Net: NetName=+3.3V Pin=J5-74
Added Pin To Net: NetName=+5V Pin=J5-75
Added Pin To Net: NetName=+3.3V Pin=J5-76
Added Pin To Net: NetName=GND Pin=J5-77
Added Pin To Net: NetName=GND Pin=J6-01
Added Pin To Net: NetName=SPI_SCK Pin=J6-02
Added Pin To Net: NetName=I2C0_SCL Pin=J6-03
Added Pin To Net: NetName=GND Pin=J6-04
Added Pin To Net: NetName=GND Pin=J6-05
Added Pin To Net: NetName=SPI_MOSI Pin=J6-06
Added Pin To Net: NetName=I2C0_SDA Pin=J6-07
Added Pin To Net: NetName=GND Pin=J6-08
Added Pin To Net: NetName=GND Pin=J6-09
Added Pin To Net: NetName=SPI_MISO Pin=J6-10
Added Pin To Net: NetName=GND Pin=J6-11
Added Pin To Net: NetName=GND Pin=J6-12
Added Pin To Net: NetName=+5V Pin=J6-13
Added Pin To Net: NetName=+3.3V Pin=J6-14
Added Pin To Net: NetName=+5V Pin=J6-15
Added Pin To Net: NetName=+3.3V Pin=J6-16
Added Pin To Net: NetName=GND Pin=J6-17
Added Pin To Net: NetName=GND Pin=J6-18
Added Pin To Net: NetName=GPIO0 Pin=J6-19
Added Pin To Net: NetName=UART0_RX Pin=J6-20
Added Pin To Net: NetName=GPIO1 Pin=J6-21
Added Pin To Net: NetName=UART0_TX Pin=J6-22
Added Pin To Net: NetName=GPIO2 Pin=J6-23
Added Pin To Net: NetName=UART1_RX Pin=J6-24
Added Pin To Net: NetName=GPIO3 Pin=J6-25
Added Pin To Net: NetName=UART1_TX Pin=J6-26
Added Pin To Net: NetName=GPIO4 Pin=J6-27
Added Pin To Net: NetName=UART2_RX Pin=J6-28
Added Pin To Net: NetName=GPIO5 Pin=J6-29
Added Pin To Net: NetName=UART2_TX Pin=J6-30
Added Pin To Net: NetName=GPIO6 Pin=J6-31
Added Pin To Net: NetName=UART3_RX Pin=J6-32
Added Pin To Net: NetName=GPIO7 Pin=J6-33
Added Pin To Net: NetName=UART3_TX Pin=J6-34
Added Pin To Net: NetName=GND Pin=J6-35
Added Pin To Net: NetName=GND Pin=J6-36
Added Pin To Net: NetName=A0 Pin=J6-37
Added Pin To Net: NetName=DAC0 Pin=J6-38
Added Pin To Net: NetName=A1 Pin=J6-39
Added Pin To Net: NetName=DAC1 Pin=J6-40
Added Pin To Net: NetName=A2 Pin=J6-41
Added Pin To Net: NetName=A13 Pin=J6-42
Added Pin To Net: NetName=A3 Pin=J6-43
Added Pin To Net: NetName=A12 Pin=J6-44
Added Pin To Net: NetName=A4 Pin=J6-45
Added Pin To Net: NetName=GND Pin=J6-46
Added Pin To Net: NetName=A5 Pin=J6-47
Added Pin To Net: NetName=GPIO23 Pin=J6-48
Added Pin To Net: NetName=A6 Pin=J6-49
Added Pin To Net: NetName=GPIO22 Pin=J6-50
Added Pin To Net: NetName=A7 Pin=J6-51
Added Pin To Net: NetName=GND Pin=J6-52
Added Pin To Net: NetName=GND Pin=J6-53
Added Pin To Net: NetName=I2C1_SCL Pin=J6-54
Added Pin To Net: NetName=GPIO8 Pin=J6-55
Added Pin To Net: NetName=GND Pin=J6-56
Added Pin To Net: NetName=GPIO9 Pin=J6-57
Added Pin To Net: NetName=I2C1_SDA Pin=J6-58
Added Pin To Net: NetName=GPIO10 Pin=J6-59
Added Pin To Net: NetName=Port Pin=J6-60
Added Pin To Net: NetName=GPIO11 Pin=J6-61
Added Pin To Net: NetName=Port Pin=J6-62
Added Pin To Net: NetName=GPIO12 Pin=J6-63
Added Pin To Net: NetName=Port Pin=J6-64
Added Pin To Net: NetName=GPIO13 Pin=J6-65
Added Pin To Net: NetName=Port Pin=J6-66
Added Pin To Net: NetName=GPIO14 Pin=J6-67
Added Pin To Net: NetName=Port Pin=J6-68
Added Pin To Net: NetName=GPIO15 Pin=J6-69
Added Pin To Net: NetName=Port Pin=J6-70
Added Pin To Net: NetName=GND Pin=J6-71
Added Pin To Net: NetName=GND Pin=J6-72
Added Pin To Net: NetName=+5V Pin=J6-73
Added Pin To Net: NetName=+3.3V Pin=J6-74
Added Pin To Net: NetName=+5V Pin=J6-75
Added Pin To Net: NetName=+3.3V Pin=J6-76
Added Pin To Net: NetName=GND Pin=J6-77
Added Pin To Net: NetName=GND Pin=J7-01
Added Pin To Net: NetName=SPI_SCK Pin=J7-02
Added Pin To Net: NetName=I2C0_SCL Pin=J7-03
Added Pin To Net: NetName=GND Pin=J7-04
Added Pin To Net: NetName=GND Pin=J7-05
Added Pin To Net: NetName=SPI_MOSI Pin=J7-06
Added Pin To Net: NetName=I2C0_SDA Pin=J7-07
Added Pin To Net: NetName=GND Pin=J7-08
Added Pin To Net: NetName=GND Pin=J7-09
Added Pin To Net: NetName=SPI_MISO Pin=J7-10
Added Pin To Net: NetName=GND Pin=J7-11
Added Pin To Net: NetName=GND Pin=J7-12
Added Pin To Net: NetName=+5V Pin=J7-13
Added Pin To Net: NetName=+3.3V Pin=J7-14
Added Pin To Net: NetName=+5V Pin=J7-15
Added Pin To Net: NetName=+3.3V Pin=J7-16
Added Pin To Net: NetName=GND Pin=J7-17
Added Pin To Net: NetName=GND Pin=J7-18
Added Pin To Net: NetName=GPIO0 Pin=J7-19
Added Pin To Net: NetName=UART0_RX Pin=J7-20
Added Pin To Net: NetName=GPIO1 Pin=J7-21
Added Pin To Net: NetName=UART0_TX Pin=J7-22
Added Pin To Net: NetName=GPIO2 Pin=J7-23
Added Pin To Net: NetName=UART1_RX Pin=J7-24
Added Pin To Net: NetName=GPIO3 Pin=J7-25
Added Pin To Net: NetName=UART1_TX Pin=J7-26
Added Pin To Net: NetName=GPIO4 Pin=J7-27
Added Pin To Net: NetName=UART2_RX Pin=J7-28
Added Pin To Net: NetName=GPIO5 Pin=J7-29
Added Pin To Net: NetName=UART2_TX Pin=J7-30
Added Pin To Net: NetName=GPIO6 Pin=J7-31
Added Pin To Net: NetName=UART3_RX Pin=J7-32
Added Pin To Net: NetName=GPIO7 Pin=J7-33
Added Pin To Net: NetName=UART3_TX Pin=J7-34
Added Pin To Net: NetName=GND Pin=J7-35
Added Pin To Net: NetName=GND Pin=J7-36
Added Pin To Net: NetName=A0 Pin=J7-37
Added Pin To Net: NetName=DAC0 Pin=J7-38
Added Pin To Net: NetName=A1 Pin=J7-39
Added Pin To Net: NetName=DAC1 Pin=J7-40
Added Pin To Net: NetName=A2 Pin=J7-41
Added Pin To Net: NetName=A13 Pin=J7-42
Added Pin To Net: NetName=A3 Pin=J7-43
Added Pin To Net: NetName=A12 Pin=J7-44
Added Pin To Net: NetName=A4 Pin=J7-45
Added Pin To Net: NetName=GND Pin=J7-46
Added Pin To Net: NetName=A5 Pin=J7-47
Added Pin To Net: NetName=GPIO23 Pin=J7-48
Added Pin To Net: NetName=A6 Pin=J7-49
Added Pin To Net: NetName=GPIO22 Pin=J7-50
Added Pin To Net: NetName=A7 Pin=J7-51
Added Pin To Net: NetName=GND Pin=J7-52
Added Pin To Net: NetName=GND Pin=J7-53
Added Pin To Net: NetName=I2C1_SCL Pin=J7-54
Added Pin To Net: NetName=GPIO8 Pin=J7-55
Added Pin To Net: NetName=GND Pin=J7-56
Added Pin To Net: NetName=GPIO9 Pin=J7-57
Added Pin To Net: NetName=I2C1_SDA Pin=J7-58
Added Pin To Net: NetName=GPIO10 Pin=J7-59
Added Pin To Net: NetName=Port Pin=J7-60
Added Pin To Net: NetName=GPIO11 Pin=J7-61
Added Pin To Net: NetName=Port Pin=J7-62
Added Pin To Net: NetName=GPIO12 Pin=J7-63
Added Pin To Net: NetName=Port Pin=J7-64
Added Pin To Net: NetName=GPIO13 Pin=J7-65
Added Pin To Net: NetName=Port Pin=J7-66
Added Pin To Net: NetName=GPIO14 Pin=J7-67
Added Pin To Net: NetName=Port Pin=J7-68
Added Pin To Net: NetName=GPIO15 Pin=J7-69
Added Pin To Net: NetName=Port Pin=J7-70
Added Pin To Net: NetName=GND Pin=J7-71
Added Pin To Net: NetName=GND Pin=J7-72
Added Pin To Net: NetName=+5V Pin=J7-73
Added Pin To Net: NetName=+3.3V Pin=J7-74
Added Pin To Net: NetName=+5V Pin=J7-75
Added Pin To Net: NetName=+3.3V Pin=J7-76
Added Pin To Net: NetName=GND Pin=J7-77
Added Pin To Net: NetName=GND Pin=J8-01
Added Pin To Net: NetName=SPI_SCK Pin=J8-02
Added Pin To Net: NetName=I2C0_SCL Pin=J8-03
Added Pin To Net: NetName=GND Pin=J8-04
Added Pin To Net: NetName=GND Pin=J8-05
Added Pin To Net: NetName=SPI_MOSI Pin=J8-06
Added Pin To Net: NetName=I2C0_SDA Pin=J8-07
Added Pin To Net: NetName=GND Pin=J8-08
Added Pin To Net: NetName=GND Pin=J8-09
Added Pin To Net: NetName=SPI_MISO Pin=J8-10
Added Pin To Net: NetName=GND Pin=J8-11
Added Pin To Net: NetName=GND Pin=J8-12
Added Pin To Net: NetName=+5V Pin=J8-13
Added Pin To Net: NetName=+3.3V Pin=J8-14
Added Pin To Net: NetName=+5V Pin=J8-15
Added Pin To Net: NetName=+3.3V Pin=J8-16
Added Pin To Net: NetName=GND Pin=J8-17
Added Pin To Net: NetName=GND Pin=J8-18
Added Pin To Net: NetName=GPIO0 Pin=J8-19
Added Pin To Net: NetName=UART0_RX Pin=J8-20
Added Pin To Net: NetName=GPIO1 Pin=J8-21
Added Pin To Net: NetName=UART0_TX Pin=J8-22
Added Pin To Net: NetName=GPIO2 Pin=J8-23
Added Pin To Net: NetName=UART1_RX Pin=J8-24
Added Pin To Net: NetName=GPIO3 Pin=J8-25
Added Pin To Net: NetName=UART1_TX Pin=J8-26
Added Pin To Net: NetName=GPIO4 Pin=J8-27
Added Pin To Net: NetName=UART2_RX Pin=J8-28
Added Pin To Net: NetName=GPIO5 Pin=J8-29
Added Pin To Net: NetName=UART2_TX Pin=J8-30
Added Pin To Net: NetName=GPIO6 Pin=J8-31
Added Pin To Net: NetName=UART3_RX Pin=J8-32
Added Pin To Net: NetName=GPIO7 Pin=J8-33
Added Pin To Net: NetName=UART3_TX Pin=J8-34
Added Pin To Net: NetName=GND Pin=J8-35
Added Pin To Net: NetName=GND Pin=J8-36
Added Pin To Net: NetName=A0 Pin=J8-37
Added Pin To Net: NetName=DAC0 Pin=J8-38
Added Pin To Net: NetName=A1 Pin=J8-39
Added Pin To Net: NetName=DAC1 Pin=J8-40
Added Pin To Net: NetName=A2 Pin=J8-41
Added Pin To Net: NetName=A13 Pin=J8-42
Added Pin To Net: NetName=A3 Pin=J8-43
Added Pin To Net: NetName=A12 Pin=J8-44
Added Pin To Net: NetName=A4 Pin=J8-45
Added Pin To Net: NetName=GND Pin=J8-46
Added Pin To Net: NetName=A5 Pin=J8-47
Added Pin To Net: NetName=GPIO23 Pin=J8-48
Added Pin To Net: NetName=A6 Pin=J8-49
Added Pin To Net: NetName=GPIO22 Pin=J8-50
Added Pin To Net: NetName=A7 Pin=J8-51
Added Pin To Net: NetName=GND Pin=J8-52
Added Pin To Net: NetName=GND Pin=J8-53
Added Pin To Net: NetName=I2C1_SCL Pin=J8-54
Added Pin To Net: NetName=GPIO8 Pin=J8-55
Added Pin To Net: NetName=GND Pin=J8-56
Added Pin To Net: NetName=GPIO9 Pin=J8-57
Added Pin To Net: NetName=I2C1_SDA Pin=J8-58
Added Pin To Net: NetName=GPIO10 Pin=J8-59
Added Pin To Net: NetName=Port Pin=J8-60
Added Pin To Net: NetName=GPIO11 Pin=J8-61
Added Pin To Net: NetName=Port Pin=J8-62
Added Pin To Net: NetName=GPIO12 Pin=J8-63
Added Pin To Net: NetName=Port Pin=J8-64
Added Pin To Net: NetName=GPIO13 Pin=J8-65
Added Pin To Net: NetName=Port Pin=J8-66
Added Pin To Net: NetName=GPIO14 Pin=J8-67
Added Pin To Net: NetName=Port Pin=J8-68
Added Pin To Net: NetName=GPIO15 Pin=J8-69
Added Pin To Net: NetName=Port Pin=J8-70
Added Pin To Net: NetName=GND Pin=J8-71
Added Pin To Net: NetName=GND Pin=J8-72
Added Pin To Net: NetName=+5V Pin=J8-73
Added Pin To Net: NetName=+3.3V Pin=J8-74
Added Pin To Net: NetName=+5V Pin=J8-75
Added Pin To Net: NetName=+3.3V Pin=J8-76
Added Pin To Net: NetName=GND Pin=J8-77
Added Pin To Net: NetName=GND Pin=J9-01
Added Pin To Net: NetName=SPI_SCK Pin=J9-02
Added Pin To Net: NetName=I2C0_SCL Pin=J9-03
Added Pin To Net: NetName=GND Pin=J9-04
Added Pin To Net: NetName=GND Pin=J9-05
Added Pin To Net: NetName=SPI_MOSI Pin=J9-06
Added Pin To Net: NetName=I2C0_SDA Pin=J9-07
Added Pin To Net: NetName=GND Pin=J9-08
Added Pin To Net: NetName=GND Pin=J9-09
Added Pin To Net: NetName=SPI_MISO Pin=J9-10
Added Pin To Net: NetName=GND Pin=J9-11
Added Pin To Net: NetName=GND Pin=J9-12
Added Pin To Net: NetName=+5V Pin=J9-13
Added Pin To Net: NetName=+3.3V Pin=J9-14
Added Pin To Net: NetName=+5V Pin=J9-15
Added Pin To Net: NetName=+3.3V Pin=J9-16
Added Pin To Net: NetName=GND Pin=J9-17
Added Pin To Net: NetName=GND Pin=J9-18
Added Pin To Net: NetName=GPIO0 Pin=J9-19
Added Pin To Net: NetName=UART0_RX Pin=J9-20
Added Pin To Net: NetName=GPIO1 Pin=J9-21
Added Pin To Net: NetName=UART0_TX Pin=J9-22
Added Pin To Net: NetName=GPIO2 Pin=J9-23
Added Pin To Net: NetName=UART1_RX Pin=J9-24
Added Pin To Net: NetName=GPIO3 Pin=J9-25
Added Pin To Net: NetName=UART1_TX Pin=J9-26
Added Pin To Net: NetName=GPIO4 Pin=J9-27
Added Pin To Net: NetName=UART2_RX Pin=J9-28
Added Pin To Net: NetName=GPIO5 Pin=J9-29
Added Pin To Net: NetName=UART2_TX Pin=J9-30
Added Pin To Net: NetName=GPIO6 Pin=J9-31
Added Pin To Net: NetName=UART3_RX Pin=J9-32
Added Pin To Net: NetName=GPIO7 Pin=J9-33
Added Pin To Net: NetName=UART3_TX Pin=J9-34
Added Pin To Net: NetName=GND Pin=J9-35
Added Pin To Net: NetName=GND Pin=J9-36
Added Pin To Net: NetName=A0 Pin=J9-37
Added Pin To Net: NetName=DAC0 Pin=J9-38
Added Pin To Net: NetName=A1 Pin=J9-39
Added Pin To Net: NetName=DAC1 Pin=J9-40
Added Pin To Net: NetName=A2 Pin=J9-41
Added Pin To Net: NetName=A13 Pin=J9-42
Added Pin To Net: NetName=A3 Pin=J9-43
Added Pin To Net: NetName=A12 Pin=J9-44
Added Pin To Net: NetName=A4 Pin=J9-45
Added Pin To Net: NetName=GND Pin=J9-46
Added Pin To Net: NetName=A5 Pin=J9-47
Added Pin To Net: NetName=GPIO23 Pin=J9-48
Added Pin To Net: NetName=A6 Pin=J9-49
Added Pin To Net: NetName=GPIO22 Pin=J9-50
Added Pin To Net: NetName=A7 Pin=J9-51
Added Pin To Net: NetName=GND Pin=J9-52
Added Pin To Net: NetName=GND Pin=J9-53
Added Pin To Net: NetName=I2C1_SCL Pin=J9-54
Added Pin To Net: NetName=GPIO8 Pin=J9-55
Added Pin To Net: NetName=GND Pin=J9-56
Added Pin To Net: NetName=GPIO9 Pin=J9-57
Added Pin To Net: NetName=I2C1_SDA Pin=J9-58
Added Pin To Net: NetName=GPIO10 Pin=J9-59
Added Pin To Net: NetName=Port Pin=J9-60
Added Pin To Net: NetName=GPIO11 Pin=J9-61
Added Pin To Net: NetName=Port Pin=J9-62
Added Pin To Net: NetName=GPIO12 Pin=J9-63
Added Pin To Net: NetName=Port Pin=J9-64
Added Pin To Net: NetName=GPIO13 Pin=J9-65
Added Pin To Net: NetName=Port Pin=J9-66
Added Pin To Net: NetName=GPIO14 Pin=J9-67
Added Pin To Net: NetName=Port Pin=J9-68
Added Pin To Net: NetName=GPIO15 Pin=J9-69
Added Pin To Net: NetName=Port Pin=J9-70
Added Pin To Net: NetName=GND Pin=J9-71
Added Pin To Net: NetName=GND Pin=J9-72
Added Pin To Net: NetName=+5V Pin=J9-73
Added Pin To Net: NetName=+3.3V Pin=J9-74
Added Pin To Net: NetName=+5V Pin=J9-75
Added Pin To Net: NetName=+3.3V Pin=J9-76
Added Pin To Net: NetName=GND Pin=J9-77
Added Pin To Net: NetName=NetD4_2 Pin=D4-2
Added Pin To Net: NetName=NetD4_2 Pin=R4-2
Added Net: Name=NetD4_2
Added Pin To Net: NetName=NetD5_2 Pin=D5-2
Added Pin To Net: NetName=NetD5_2 Pin=R5-2
Added Net: Name=NetD5_2
Added Pin To Net: NetName=NetD6_2 Pin=D6-2
Added Pin To Net: NetName=NetD6_2 Pin=R6-2
Added Net: Name=NetD6_2
Added Pin To Net: NetName=NetD7_2 Pin=D7-2
Added Pin To Net: NetName=NetD7_2 Pin=R7-2
Added Net: Name=NetD7_2
Added Pin To Net: NetName=NetD8_2 Pin=D8-2
Added Pin To Net: NetName=NetD8_2 Pin=R8-2
Added Net: Name=NetD8_2
Added Pin To Net: NetName=NetD9_2 Pin=D9-2
Added Pin To Net: NetName=NetD9_2 Pin=R9-2
Added Net: Name=NetD9_2
Added Pin To Net: NetName=SLOT4LED Pin=J4-78
Added Pin To Net: NetName=SLOT4LED Pin=R4-1
Added Net: Name=SLOT4LED
Added Pin To Net: NetName=SLOT5LED Pin=J5-78
Added Pin To Net: NetName=SLOT5LED Pin=R5-1
Added Net: Name=SLOT5LED
Added Pin To Net: NetName=SLOT6LED Pin=J6-78
Added Pin To Net: NetName=SLOT6LED Pin=R6-1
Added Net: Name=SLOT6LED
Added Pin To Net: NetName=SLOT7LED Pin=J7-78
Added Pin To Net: NetName=SLOT7LED Pin=R7-1
Added Net: Name=SLOT7LED
Added Pin To Net: NetName=SLOT8LED Pin=J8-78
Added Pin To Net: NetName=SLOT8LED Pin=R8-1
Added Net: Name=SLOT8LED
Added Pin To Net: NetName=SLOT9LED Pin=J9-78
Added Pin To Net: NetName=SLOT9LED Pin=R9-1
Added Net: Name=SLOT9LED
Added Class: Name=BCK_REVA_2
Added Class: Name=BCK_REVA_3
Added Member To Class: ClassName=BCK_REVA Member=Component J2 MECF-40-01-X-DV-WT
Added Room: Name=BCK_REVA
Added Room: Name=BCK_REVA_2
Added Room: Name=BCK_REVA_3
