Removed Pin From Net: NetName=GND Pin=D1-1
Removed Pin From Net: NetName=GND Pin=D2-1
Removed Pin From Net: NetName=GND Pin=D3-1
Removed Pin From Net: NetName=GND Pin=D4-1
Removed Pin From Net: NetName=GND Pin=D5-1
Removed Pin From Net: NetName=GND Pin=D6-1
Removed Pin From Net: NetName=GND Pin=D7-1
Removed Pin From Net: NetName=GND Pin=D8-1
Removed Pin From Net: NetName=GND Pin=D9-1
Added Pin To Net: NetName=GND Pin=J1-01
Added Pin To Net: NetName=GND Pin=J1-04
Added Pin To Net: NetName=GND Pin=J1-05
Added Pin To Net: NetName=GND Pin=J1-08
Added Pin To Net: NetName=GND Pin=J1-09
Added Pin To Net: NetName=GND Pin=J1-11
Added Pin To Net: NetName=GND Pin=J1-12
Added Pin To Net: NetName=GND Pin=J1-17
Added Pin To Net: NetName=GND Pin=J1-18
Added Pin To Net: NetName=GND Pin=J1-35
Added Pin To Net: NetName=GND Pin=J1-36
Added Pin To Net: NetName=GND Pin=J1-46
Added Pin To Net: NetName=GND Pin=J1-52
Added Pin To Net: NetName=GND Pin=J1-53
Added Pin To Net: NetName=GND Pin=J1-56
Added Pin To Net: NetName=GND Pin=J1-71
Added Pin To Net: NetName=GND Pin=J1-72
Added Pin To Net: NetName=GND Pin=J1-77
Added Pin To Net: NetName=GND Pin=J2-01
Added Pin To Net: NetName=GND Pin=J2-04
Added Pin To Net: NetName=GND Pin=J2-05
Added Pin To Net: NetName=GND Pin=J2-08
Added Pin To Net: NetName=GND Pin=J2-09
Added Pin To Net: NetName=GND Pin=J2-11
Added Pin To Net: NetName=GND Pin=J2-12
Added Pin To Net: NetName=GND Pin=J2-17
Added Pin To Net: NetName=GND Pin=J2-18
Added Pin To Net: NetName=GND Pin=J2-35
Added Pin To Net: NetName=GND Pin=J2-36
Added Pin To Net: NetName=GND Pin=J2-46
Added Pin To Net: NetName=GND Pin=J2-52
Added Pin To Net: NetName=GND Pin=J2-53
Added Pin To Net: NetName=GND Pin=J2-56
Added Pin To Net: NetName=GND Pin=J2-71
Added Pin To Net: NetName=GND Pin=J2-72
Added Pin To Net: NetName=GND Pin=J2-77
Added Pin To Net: NetName=GND Pin=J3-01
Added Pin To Net: NetName=GND Pin=J3-04
Added Pin To Net: NetName=GND Pin=J3-05
Added Pin To Net: NetName=GND Pin=J3-08
Added Pin To Net: NetName=GND Pin=J3-09
Added Pin To Net: NetName=GND Pin=J3-11
Added Pin To Net: NetName=GND Pin=J3-12
Added Pin To Net: NetName=GND Pin=J3-17
Added Pin To Net: NetName=GND Pin=J3-18
Added Pin To Net: NetName=GND Pin=J3-35
Added Pin To Net: NetName=GND Pin=J3-36
Added Pin To Net: NetName=GND Pin=J3-46
Added Pin To Net: NetName=GND Pin=J3-52
Added Pin To Net: NetName=GND Pin=J3-53
Added Pin To Net: NetName=GND Pin=J3-56
Added Pin To Net: NetName=GND Pin=J3-71
Added Pin To Net: NetName=GND Pin=J3-72
Added Pin To Net: NetName=GND Pin=J3-77
Add Net: Net with name "GND" already exists
Added Room: Name=BCK_REVA
Added Room: Name=BCK_REVA_2
Added Room: Name=BCK_REVA_3
