Removed Pin From Net: NetName=GND Pin=J1-01
Removed Pin From Net: NetName=SPI_SCK Pin=J1-02
Removed Pin From Net: NetName=I2C0_SCL Pin=J1-03
Removed Pin From Net: NetName=GND Pin=J1-04
Removed Pin From Net: NetName=GND Pin=J1-05
Removed Pin From Net: NetName=SPI_MOSI Pin=J1-06
Removed Pin From Net: NetName=I2C0_SDA Pin=J1-07
Removed Pin From Net: NetName=GND Pin=J1-08
Removed Pin From Net: NetName=GND Pin=J1-09
Removed Pin From Net: NetName=SPI_MISO Pin=J1-10
Removed Pin From Net: NetName=GND Pin=J1-11
Removed Pin From Net: NetName=GND Pin=J1-12
Removed Pin From Net: NetName=+5V Pin=J1-13
Removed Pin From Net: NetName=+5V Pin=J1-14
Removed Pin From Net: NetName=+3.3V Pin=J1-15
Removed Pin From Net: NetName=+3.3V Pin=J1-16
Removed Pin From Net: NetName=+3.3V Pin=J1-17
Removed Pin From Net: NetName=+3.3V Pin=J1-18
Removed Pin From Net: NetName=GPIO0 Pin=J1-19
Removed Pin From Net: NetName=UART0_RX Pin=J1-20
Removed Pin From Net: NetName=GPIO1 Pin=J1-21
Removed Pin From Net: NetName=UART0_TX Pin=J1-22
Removed Pin From Net: NetName=GPIO2 Pin=J1-23
Removed Pin From Net: NetName=UART1_RX Pin=J1-24
Removed Pin From Net: NetName=GPIO3 Pin=J1-25
Removed Pin From Net: NetName=UART1_TX Pin=J1-26
Removed Pin From Net: NetName=GPIO4 Pin=J1-27
Removed Pin From Net: NetName=UART2_RX Pin=J1-28
Removed Pin From Net: NetName=GPIO5 Pin=J1-29
Removed Pin From Net: NetName=UART2_TX Pin=J1-30
Removed Pin From Net: NetName=GPIO6 Pin=J1-31
Removed Pin From Net: NetName=UART3_RX Pin=J1-32
Removed Pin From Net: NetName=GPIO7 Pin=J1-33
Removed Pin From Net: NetName=UART3_TX Pin=J1-34
Removed Pin From Net: NetName=GND Pin=J1-36
Removed Pin From Net: NetName=A0 Pin=J1-37
Removed Pin From Net: NetName=DAC0 Pin=J1-38
Removed Pin From Net: NetName=A1 Pin=J1-39
Removed Pin From Net: NetName=DAC1 Pin=J1-40
Removed Pin From Net: NetName=A2 Pin=J1-41
Removed Pin From Net: NetName=A13 Pin=J1-42
Removed Pin From Net: NetName=A3 Pin=J1-43
Removed Pin From Net: NetName=A12 Pin=J1-44
Removed Pin From Net: NetName=A4 Pin=J1-45
Removed Pin From Net: NetName=GND Pin=J1-46
Removed Pin From Net: NetName=A5 Pin=J1-47
Removed Pin From Net: NetName=GPIO23 Pin=J1-48
Removed Pin From Net: NetName=A6 Pin=J1-49
Removed Pin From Net: NetName=GPIO22 Pin=J1-50
Removed Pin From Net: NetName=A7 Pin=J1-51
Removed Pin From Net: NetName=GND Pin=J1-52
Removed Pin From Net: NetName=GND Pin=J1-53
Removed Pin From Net: NetName=I2C1_SCL Pin=J1-54
Removed Pin From Net: NetName=GPIO8 Pin=J1-55
Removed Pin From Net: NetName=GND Pin=J1-56
Removed Pin From Net: NetName=GPIO9 Pin=J1-57
Removed Pin From Net: NetName=I2C1_SDA Pin=J1-58
Removed Pin From Net: NetName=GPIO10 Pin=J1-59
Removed Pin From Net: NetName=PORT0 Pin=J1-60
Removed Pin From Net: NetName=GPIO11 Pin=J1-61
Removed Pin From Net: NetName=PORT1 Pin=J1-62
Removed Pin From Net: NetName=GPIO12 Pin=J1-63
Removed Pin From Net: NetName=PORT2 Pin=J1-64
Removed Pin From Net: NetName=GPIO13 Pin=J1-65
Removed Pin From Net: NetName=PORT3 Pin=J1-66
Removed Pin From Net: NetName=GPIO14 Pin=J1-67
Removed Pin From Net: NetName=PORT4 Pin=J1-68
Removed Pin From Net: NetName=GPIO15 Pin=J1-69
Removed Pin From Net: NetName=PORT5 Pin=J1-70
Added Pin To Net: NetName=+5V Pin=J1-01
Added Pin To Net: NetName=+5V Pin=J1-02
Added Pin To Net: NetName=+3.3V Pin=J1-03
Added Pin To Net: NetName=+3.3V Pin=J1-04
Added Pin To Net: NetName=PORT5 Pin=J1-05
Added Pin To Net: NetName=GND Pin=J1-06
Added Pin To Net: NetName=PORT4 Pin=J1-07
Added Pin To Net: NetName=A7 Pin=J1-08
Added Pin To Net: NetName=PORT3 Pin=J1-09
Added Pin To Net: NetName=A6 Pin=J1-10
Added Pin To Net: NetName=PORT2 Pin=J1-11
Added Pin To Net: NetName=A5 Pin=J1-12
Added Pin To Net: NetName=PORT1 Pin=J1-13
Added Pin To Net: NetName=A4 Pin=J1-14
Added Pin To Net: NetName=PORT0 Pin=J1-15
Added Pin To Net: NetName=A3 Pin=J1-16
Added Pin To Net: NetName=GND Pin=J1-17
Added Pin To Net: NetName=A2 Pin=J1-18
Added Pin To Net: NetName=I2C1_SDA Pin=J1-19
Added Pin To Net: NetName=A1 Pin=J1-20
Added Pin To Net: NetName=GND Pin=J1-21
Added Pin To Net: NetName=A0 Pin=J1-22
Added Pin To Net: NetName=I2C1_SCL Pin=J1-23
Added Pin To Net: NetName=GND Pin=J1-24
Added Pin To Net: NetName=GND Pin=J1-25
Added Pin To Net: NetName=GPIO15 Pin=J1-26
Added Pin To Net: NetName=GPIO22 Pin=J1-27
Added Pin To Net: NetName=GPIO14 Pin=J1-28
Added Pin To Net: NetName=GPIO23 Pin=J1-29
Added Pin To Net: NetName=GPIO13 Pin=J1-30
Added Pin To Net: NetName=A12 Pin=J1-31
Added Pin To Net: NetName=GND Pin=J1-32
Added Pin To Net: NetName=A13 Pin=J1-33
Added Pin To Net: NetName=GPIO12 Pin=J1-34
Added Pin To Net: NetName=GPIO11 Pin=J1-36
Added Pin To Net: NetName=DAC1 Pin=J1-37
Added Pin To Net: NetName=GPIO10 Pin=J1-38
Added Pin To Net: NetName=GND Pin=J1-39
Added Pin To Net: NetName=GPIO9 Pin=J1-40
Added Pin To Net: NetName=DAC0 Pin=J1-41
Added Pin To Net: NetName=GPIO8 Pin=J1-42
Added Pin To Net: NetName=GND Pin=J1-43
Added Pin To Net: NetName=GPIO7 Pin=J1-44
Added Pin To Net: NetName=GND Pin=J1-45
Added Pin To Net: NetName=GPIO6 Pin=J1-46
Added Pin To Net: NetName=UART3_TX Pin=J1-47
Added Pin To Net: NetName=GPIO5 Pin=J1-48
Added Pin To Net: NetName=UART3_RX Pin=J1-49
Added Pin To Net: NetName=GPIO4 Pin=J1-50
Added Pin To Net: NetName=UART2_TX Pin=J1-51
Added Pin To Net: NetName=GPIO3 Pin=J1-52
Added Pin To Net: NetName=UART2_RX Pin=J1-53
Added Pin To Net: NetName=GPIO2 Pin=J1-54
Added Pin To Net: NetName=UART1_TX Pin=J1-55
Added Pin To Net: NetName=GPIO1 Pin=J1-56
Added Pin To Net: NetName=UART1_RX Pin=J1-57
Added Pin To Net: NetName=GPIO0 Pin=J1-58
Added Pin To Net: NetName=UART0_TX Pin=J1-59
Added Pin To Net: NetName=GND Pin=J1-60
Added Pin To Net: NetName=UART0_RX Pin=J1-61
Added Pin To Net: NetName=SPI_MISO Pin=J1-62
Added Pin To Net: NetName=GND Pin=J1-63
Added Pin To Net: NetName=GND Pin=J1-64
Added Pin To Net: NetName=I2C0_SDA Pin=J1-65
Added Pin To Net: NetName=SPI_MOSI Pin=J1-66
Added Pin To Net: NetName=GND Pin=J1-67
Added Pin To Net: NetName=GND Pin=J1-68
Added Pin To Net: NetName=I2C0_SCL Pin=J1-69
Added Pin To Net: NetName=SPI_SCK Pin=J1-70
