Removed Pin From Net: NetName=Port Pin=J1-60
Removed Pin From Net: NetName=Port Pin=J1-62
Removed Pin From Net: NetName=Port Pin=J1-66
Removed Pin From Net: NetName=Port Pin=J1-68
Removed Pin From Net: NetName=Port Pin=J1-70
Removed Pin From Net: NetName=Port Pin=J2-60
Removed Pin From Net: NetName=Port Pin=J2-62
Removed Pin From Net: NetName=Port Pin=J2-66
Removed Pin From Net: NetName=Port Pin=J2-68
Removed Pin From Net: NetName=Port Pin=J2-70
Removed Pin From Net: NetName=Port Pin=J3-60
Removed Pin From Net: NetName=Port Pin=J3-62
Removed Pin From Net: NetName=Port Pin=J3-66
Removed Pin From Net: NetName=Port Pin=J3-68
Removed Pin From Net: NetName=Port Pin=J3-70
Removed Pin From Net: NetName=Port Pin=J4-60
Removed Pin From Net: NetName=Port Pin=J4-62
Removed Pin From Net: NetName=Port Pin=J4-66
Removed Pin From Net: NetName=Port Pin=J4-68
Removed Pin From Net: NetName=Port Pin=J4-70
Removed Pin From Net: NetName=Port Pin=J5-60
Removed Pin From Net: NetName=Port Pin=J5-62
Removed Pin From Net: NetName=Port Pin=J5-66
Removed Pin From Net: NetName=Port Pin=J5-68
Removed Pin From Net: NetName=Port Pin=J5-70
Removed Pin From Net: NetName=Port Pin=J6-60
Removed Pin From Net: NetName=Port Pin=J6-62
Removed Pin From Net: NetName=Port Pin=J6-66
Removed Pin From Net: NetName=Port Pin=J6-68
Removed Pin From Net: NetName=Port Pin=J6-70
Removed Pin From Net: NetName=Port Pin=J7-60
Removed Pin From Net: NetName=Port Pin=J7-62
Removed Pin From Net: NetName=Port Pin=J7-66
Removed Pin From Net: NetName=Port Pin=J7-68
Removed Pin From Net: NetName=Port Pin=J7-70
Removed Pin From Net: NetName=Port Pin=J8-60
Removed Pin From Net: NetName=Port Pin=J8-62
Removed Pin From Net: NetName=Port Pin=J8-66
Removed Pin From Net: NetName=Port Pin=J8-68
Removed Pin From Net: NetName=Port Pin=J8-70
Removed Pin From Net: NetName=Port Pin=J9-60
Removed Pin From Net: NetName=Port Pin=J9-62
Removed Pin From Net: NetName=Port Pin=J9-66
Removed Pin From Net: NetName=Port Pin=J9-68
Removed Pin From Net: NetName=Port Pin=J9-70
Change Net Name : Old Net Name=Port New Net Name=PORT2
Added Pin To Net: NetName=PORT0 Pin=J1-60
Added Pin To Net: NetName=PORT0 Pin=J2-60
Added Pin To Net: NetName=PORT0 Pin=J3-60
Added Pin To Net: NetName=PORT0 Pin=J4-60
Added Pin To Net: NetName=PORT0 Pin=J5-60
Added Pin To Net: NetName=PORT0 Pin=J6-60
Added Pin To Net: NetName=PORT0 Pin=J7-60
Added Pin To Net: NetName=PORT0 Pin=J8-60
Added Pin To Net: NetName=PORT0 Pin=J9-60
Added Net: Name=PORT0
Added Pin To Net: NetName=PORT1 Pin=J1-62
Added Pin To Net: NetName=PORT1 Pin=J2-62
Added Pin To Net: NetName=PORT1 Pin=J3-62
Added Pin To Net: NetName=PORT1 Pin=J4-62
Added Pin To Net: NetName=PORT1 Pin=J5-62
Added Pin To Net: NetName=PORT1 Pin=J6-62
Added Pin To Net: NetName=PORT1 Pin=J7-62
Added Pin To Net: NetName=PORT1 Pin=J8-62
Added Pin To Net: NetName=PORT1 Pin=J9-62
Added Net: Name=PORT1
Added Pin To Net: NetName=PORT3 Pin=J1-66
Added Pin To Net: NetName=PORT3 Pin=J2-66
Added Pin To Net: NetName=PORT3 Pin=J3-66
Added Pin To Net: NetName=PORT3 Pin=J4-66
Added Pin To Net: NetName=PORT3 Pin=J5-66
Added Pin To Net: NetName=PORT3 Pin=J6-66
Added Pin To Net: NetName=PORT3 Pin=J7-66
Added Pin To Net: NetName=PORT3 Pin=J8-66
Added Pin To Net: NetName=PORT3 Pin=J9-66
Added Net: Name=PORT3
Added Pin To Net: NetName=PORT4 Pin=J1-68
Added Pin To Net: NetName=PORT4 Pin=J2-68
Added Pin To Net: NetName=PORT4 Pin=J3-68
Added Pin To Net: NetName=PORT4 Pin=J4-68
Added Pin To Net: NetName=PORT4 Pin=J5-68
Added Pin To Net: NetName=PORT4 Pin=J6-68
Added Pin To Net: NetName=PORT4 Pin=J7-68
Added Pin To Net: NetName=PORT4 Pin=J8-68
Added Pin To Net: NetName=PORT4 Pin=J9-68
Added Net: Name=PORT4
Added Pin To Net: NetName=PORT5 Pin=J1-70
Added Pin To Net: NetName=PORT5 Pin=J2-70
Added Pin To Net: NetName=PORT5 Pin=J3-70
Added Pin To Net: NetName=PORT5 Pin=J4-70
Added Pin To Net: NetName=PORT5 Pin=J5-70
Added Pin To Net: NetName=PORT5 Pin=J6-70
Added Pin To Net: NetName=PORT5 Pin=J7-70
Added Pin To Net: NetName=PORT5 Pin=J8-70
Added Pin To Net: NetName=PORT5 Pin=J9-70
Added Net: Name=PORT5
Added Room: Name=BCK_REVA
Added Room: Name=BCK_REVA_2
Added Room: Name=BCK_REVA_3
