Add Component: Footprint Not Found KPDELPS1FPQISI34U5152S
Add Component: Footprint Not Found KPDELPS1FPQISI34U5152S
Add Component: Footprint Not Found KPDELPS1FPQISI34U5152S
Add Component: Footprint Not Found SAMTEC_MECF-40-01-X-DV-WT
Add Component: Footprint Not Found SAMTEC_MECF-40-01-X-DV-WT
Add Pin To Net: Unknown Pin: Pin D1-1
Add Pin To Net: Unknown Pin: Pin D1-2
Add Pin To Net: Unknown Pin: Pin D2-1
Add Pin To Net: Unknown Pin: Pin D2-2
Add Pin To Net: Unknown Pin: Pin D3-1
Add Pin To Net: Unknown Pin: Pin D3-2
Add Pin To Net: Unknown Pin: Pin J2-01
Add Pin To Net: Unknown Pin: Pin J2-01
Add Pin To Net: Unknown Pin: Pin J2-02
Add Pin To Net: Unknown Pin: Pin J2-02
Add Pin To Net: Unknown Pin: Pin J2-03
Add Pin To Net: Unknown Pin: Pin J2-03
Add Pin To Net: Unknown Pin: Pin J2-04
Add Pin To Net: Unknown Pin: Pin J2-04
Add Pin To Net: Unknown Pin: Pin J2-05
Add Pin To Net: Unknown Pin: Pin J2-05
Add Pin To Net: Unknown Pin: Pin J2-06
Add Pin To Net: Unknown Pin: Pin J2-06
Add Pin To Net: Unknown Pin: Pin J2-07
Add Pin To Net: Unknown Pin: Pin J2-07
Add Pin To Net: Unknown Pin: Pin J2-08
Add Pin To Net: Unknown Pin: Pin J2-08
Add Pin To Net: Unknown Pin: Pin J2-09
Add Pin To Net: Unknown Pin: Pin J2-09
Add Pin To Net: Unknown Pin: Pin J2-10
Add Pin To Net: Unknown Pin: Pin J2-10
Add Pin To Net: Unknown Pin: Pin J2-11
Add Pin To Net: Unknown Pin: Pin J2-11
Add Pin To Net: Unknown Pin: Pin J2-12
Add Pin To Net: Unknown Pin: Pin J2-12
Add Pin To Net: Unknown Pin: Pin J2-13
Add Pin To Net: Unknown Pin: Pin J2-13
Add Pin To Net: Unknown Pin: Pin J2-14
Add Pin To Net: Unknown Pin: Pin J2-14
Add Pin To Net: Unknown Pin: Pin J2-15
Add Pin To Net: Unknown Pin: Pin J2-15
Add Pin To Net: Unknown Pin: Pin J2-16
Add Pin To Net: Unknown Pin: Pin J2-16
Add Pin To Net: Unknown Pin: Pin J2-17
Add Pin To Net: Unknown Pin: Pin J2-17
Add Pin To Net: Unknown Pin: Pin J2-18
Add Pin To Net: Unknown Pin: Pin J2-18
Add Pin To Net: Unknown Pin: Pin J2-19
Add Pin To Net: Unknown Pin: Pin J2-19
Add Pin To Net: Unknown Pin: Pin J2-20
Add Pin To Net: Unknown Pin: Pin J2-20
Add Pin To Net: Unknown Pin: Pin J2-21
Add Pin To Net: Unknown Pin: Pin J2-21
Add Pin To Net: Unknown Pin: Pin J2-22
Add Pin To Net: Unknown Pin: Pin J2-22
Add Pin To Net: Unknown Pin: Pin J2-23
Add Pin To Net: Unknown Pin: Pin J2-23
Add Pin To Net: Unknown Pin: Pin J2-24
Add Pin To Net: Unknown Pin: Pin J2-24
Add Pin To Net: Unknown Pin: Pin J2-25
Add Pin To Net: Unknown Pin: Pin J2-25
Add Pin To Net: Unknown Pin: Pin J2-26
Add Pin To Net: Unknown Pin: Pin J2-26
Add Pin To Net: Unknown Pin: Pin J2-27
Add Pin To Net: Unknown Pin: Pin J2-27
Add Pin To Net: Unknown Pin: Pin J2-28
Add Pin To Net: Unknown Pin: Pin J2-28
Add Pin To Net: Unknown Pin: Pin J2-29
Add Pin To Net: Unknown Pin: Pin J2-29
Add Pin To Net: Unknown Pin: Pin J2-30
Add Pin To Net: Unknown Pin: Pin J2-30
Add Pin To Net: Unknown Pin: Pin J2-31
Add Pin To Net: Unknown Pin: Pin J2-31
Add Pin To Net: Unknown Pin: Pin J2-32
Add Pin To Net: Unknown Pin: Pin J2-32
Add Pin To Net: Unknown Pin: Pin J2-33
Add Pin To Net: Unknown Pin: Pin J2-33
Add Pin To Net: Unknown Pin: Pin J2-34
Add Pin To Net: Unknown Pin: Pin J2-34
Add Pin To Net: Unknown Pin: Pin J2-35
Add Pin To Net: Unknown Pin: Pin J2-35
Add Pin To Net: Unknown Pin: Pin J2-36
Add Pin To Net: Unknown Pin: Pin J2-36
Add Pin To Net: Unknown Pin: Pin J2-37
Add Pin To Net: Unknown Pin: Pin J2-37
Add Pin To Net: Unknown Pin: Pin J2-38
Add Pin To Net: Unknown Pin: Pin J2-38
Add Pin To Net: Unknown Pin: Pin J2-39
Add Pin To Net: Unknown Pin: Pin J2-39
Add Pin To Net: Unknown Pin: Pin J2-40
Add Pin To Net: Unknown Pin: Pin J2-40
Add Pin To Net: Unknown Pin: Pin J2-41
Add Pin To Net: Unknown Pin: Pin J2-41
Add Pin To Net: Unknown Pin: Pin J2-42
Add Pin To Net: Unknown Pin: Pin J2-42
Add Pin To Net: Unknown Pin: Pin J2-43
Add Pin To Net: Unknown Pin: Pin J2-43
Add Pin To Net: Unknown Pin: Pin J2-44
Add Pin To Net: Unknown Pin: Pin J2-44
Add Pin To Net: Unknown Pin: Pin J2-45
Add Pin To Net: Unknown Pin: Pin J2-45
Add Pin To Net: Unknown Pin: Pin J2-46
Add Pin To Net: Unknown Pin: Pin J2-46
Add Pin To Net: Unknown Pin: Pin J2-47
Add Pin To Net: Unknown Pin: Pin J2-47
Add Pin To Net: Unknown Pin: Pin J2-48
Add Pin To Net: Unknown Pin: Pin J2-48
Add Pin To Net: Unknown Pin: Pin J2-49
Add Pin To Net: Unknown Pin: Pin J2-49
Add Pin To Net: Unknown Pin: Pin J2-50
Add Pin To Net: Unknown Pin: Pin J2-50
Add Pin To Net: Unknown Pin: Pin J2-51
Add Pin To Net: Unknown Pin: Pin J2-51
Add Pin To Net: Unknown Pin: Pin J2-52
Add Pin To Net: Unknown Pin: Pin J2-52
Add Pin To Net: Unknown Pin: Pin J2-53
Add Pin To Net: Unknown Pin: Pin J2-53
Add Pin To Net: Unknown Pin: Pin J2-54
Add Pin To Net: Unknown Pin: Pin J2-54
Add Pin To Net: Unknown Pin: Pin J2-55
Add Pin To Net: Unknown Pin: Pin J2-55
Add Pin To Net: Unknown Pin: Pin J2-56
Add Pin To Net: Unknown Pin: Pin J2-56
Add Pin To Net: Unknown Pin: Pin J2-57
Add Pin To Net: Unknown Pin: Pin J2-57
Add Pin To Net: Unknown Pin: Pin J2-58
Add Pin To Net: Unknown Pin: Pin J2-58
Add Pin To Net: Unknown Pin: Pin J2-59
Add Pin To Net: Unknown Pin: Pin J2-59
Add Pin To Net: Unknown Pin: Pin J2-60
Add Pin To Net: Unknown Pin: Pin J2-60
Add Pin To Net: Unknown Pin: Pin J2-61
Add Pin To Net: Unknown Pin: Pin J2-61
Add Pin To Net: Unknown Pin: Pin J2-62
Add Pin To Net: Unknown Pin: Pin J2-62
Add Pin To Net: Unknown Pin: Pin J2-63
Add Pin To Net: Unknown Pin: Pin J2-63
Add Pin To Net: Unknown Pin: Pin J2-64
Add Pin To Net: Unknown Pin: Pin J2-64
Add Pin To Net: Unknown Pin: Pin J2-65
Add Pin To Net: Unknown Pin: Pin J2-65
Add Pin To Net: Unknown Pin: Pin J2-66
Add Pin To Net: Unknown Pin: Pin J2-66
Add Pin To Net: Unknown Pin: Pin J2-67
Add Pin To Net: Unknown Pin: Pin J2-67
Add Pin To Net: Unknown Pin: Pin J2-68
Add Pin To Net: Unknown Pin: Pin J2-68
Add Pin To Net: Unknown Pin: Pin J2-69
Add Pin To Net: Unknown Pin: Pin J2-69
Add Pin To Net: Unknown Pin: Pin J2-70
Add Pin To Net: Unknown Pin: Pin J2-70
Add Pin To Net: Unknown Pin: Pin J2-71
Add Pin To Net: Unknown Pin: Pin J2-71
Add Pin To Net: Unknown Pin: Pin J2-72
Add Pin To Net: Unknown Pin: Pin J2-72
Add Pin To Net: Unknown Pin: Pin J2-73
Add Pin To Net: Unknown Pin: Pin J2-73
Add Pin To Net: Unknown Pin: Pin J2-74
Add Pin To Net: Unknown Pin: Pin J2-74
Add Pin To Net: Unknown Pin: Pin J2-75
Add Pin To Net: Unknown Pin: Pin J2-75
Add Pin To Net: Unknown Pin: Pin J2-76
Add Pin To Net: Unknown Pin: Pin J2-76
Add Pin To Net: Unknown Pin: Pin J2-77
Add Pin To Net: Unknown Pin: Pin J2-77
Add Pin To Net: Unknown Pin: Pin J2-78
Add Net: Net with name "NetJ2_78" already exists
Add Class Member: Failed to add class member : Component D1 KP_DELPS1.FP-QISI-34-U515-2-S
Add Class Member: Failed to add class member : Component D2 KP_DELPS1.FP-QISI-34-U515-2-S
Add Class Member: Failed to add class member : Component D3 KP_DELPS1.FP-QISI-34-U515-2-S
Add Class Member: Failed to add class member : Component J2 MECF-40-01-X-DV-WT
Add Class Member: Failed to add class member : Component J2 MECF-40-01-X-DV-WT
