Removed Pin From Net: NetName=+5V Pin=J1-01
Removed Pin From Net: NetName=+5V Pin=J1-02
Removed Pin From Net: NetName=PORT5 Pin=J1-05
Removed Pin From Net: NetName=A7 Pin=J1-08
Removed Pin From Net: NetName=PORT3 Pin=J1-09
Removed Pin From Net: NetName=A6 Pin=J1-10
Removed Pin From Net: NetName=A5 Pin=J1-12
Removed Pin From Net: NetName=PORT1 Pin=J1-13
Removed Pin From Net: NetName=A2 Pin=J1-18
Removed Pin From Net: NetName=I2C1_SDA Pin=J1-19
Removed Pin From Net: NetName=A0 Pin=J1-22
Removed Pin From Net: NetName=I2C1_SCL Pin=J1-23
Removed Pin From Net: NetName=GPIO15 Pin=J1-26
Removed Pin From Net: NetName=GPIO22 Pin=J1-27
Removed Pin From Net: NetName=GPIO23 Pin=J1-29
Removed Pin From Net: NetName=GPIO13 Pin=J1-30
Removed Pin From Net: NetName=A12 Pin=J1-31
Removed Pin From Net: NetName=A13 Pin=J1-33
Removed Pin From Net: NetName=GPIO11 Pin=J1-36
Removed Pin From Net: NetName=DAC1 Pin=J1-37
Removed Pin From Net: NetName=GPIO10 Pin=J1-38
Removed Pin From Net: NetName=GPIO9 Pin=J1-40
Removed Pin From Net: NetName=DAC0 Pin=J1-41
Removed Pin From Net: NetName=GPIO8 Pin=J1-42
Removed Pin From Net: NetName=GPIO7 Pin=J1-44
Removed Pin From Net: NetName=GPIO6 Pin=J1-46
Removed Pin From Net: NetName=UART3_TX Pin=J1-47
Removed Pin From Net: NetName=GPIO5 Pin=J1-48
Removed Pin From Net: NetName=GPIO4 Pin=J1-50
Removed Pin From Net: NetName=UART2_TX Pin=J1-51
Removed Pin From Net: NetName=UART2_RX Pin=J1-53
Removed Pin From Net: NetName=GPIO2 Pin=J1-54
Removed Pin From Net: NetName=UART1_TX Pin=J1-55
Removed Pin From Net: NetName=GPIO0 Pin=J1-58
Removed Pin From Net: NetName=UART0_TX Pin=J1-59
Removed Pin From Net: NetName=UART0_RX Pin=J1-61
Removed Pin From Net: NetName=SPI_MISO Pin=J1-62
Removed Pin From Net: NetName=I2C0_SDA Pin=J1-65
Removed Pin From Net: NetName=SPI_SCK Pin=J1-70
Removed Pin From Net: NetName=GND Pin=J2-01
Removed Pin From Net: NetName=GND Pin=J2-04
Removed Pin From Net: NetName=GND Pin=J2-05
Removed Pin From Net: NetName=GND Pin=J2-08
Removed Pin From Net: NetName=GND Pin=J2-09
Removed Pin From Net: NetName=GND Pin=J2-11
Removed Pin From Net: NetName=GND Pin=J2-12
Removed Pin From Net: NetName=+3.3V Pin=J2-14
Removed Pin From Net: NetName=+5V Pin=J2-15
Removed Pin From Net: NetName=+3.3V Pin=J2-16
Removed Pin From Net: NetName=GND Pin=J2-18
Removed Pin From Net: NetName=GPIO1 Pin=J2-21
Removed Pin From Net: NetName=GPIO3 Pin=J2-25
Removed Pin From Net: NetName=GND Pin=J2-36
Removed Pin From Net: NetName=A3 Pin=J2-43
Removed Pin From Net: NetName=A4 Pin=J2-45
Removed Pin From Net: NetName=GND Pin=J2-46
Removed Pin From Net: NetName=GND Pin=J2-52
Removed Pin From Net: NetName=GND Pin=J2-53
Removed Pin From Net: NetName=GND Pin=J2-56
Removed Pin From Net: NetName=PORT0 Pin=J2-60
Removed Pin From Net: NetName=PORT2 Pin=J2-64
Removed Pin From Net: NetName=+5V Pin=J2-73
Removed Pin From Net: NetName=+5V Pin=J2-75
Removed Pin From Net: NetName=SLOT2LED Pin=J2-78
Removed Pin From Net: NetName=GND Pin=J3-01
Removed Pin From Net: NetName=GND Pin=J3-04
Removed Pin From Net: NetName=GND Pin=J3-05
Removed Pin From Net: NetName=GND Pin=J3-08
Removed Pin From Net: NetName=GND Pin=J3-09
Removed Pin From Net: NetName=GND Pin=J3-11
Removed Pin From Net: NetName=GND Pin=J3-12
Removed Pin From Net: NetName=+3.3V Pin=J3-14
Removed Pin From Net: NetName=+5V Pin=J3-15
Removed Pin From Net: NetName=+3.3V Pin=J3-16
Removed Pin From Net: NetName=GND Pin=J3-18
Removed Pin From Net: NetName=GPIO1 Pin=J3-21
Removed Pin From Net: NetName=GPIO3 Pin=J3-25
Removed Pin From Net: NetName=GND Pin=J3-36
Removed Pin From Net: NetName=A3 Pin=J3-43
Removed Pin From Net: NetName=A4 Pin=J3-45
Removed Pin From Net: NetName=GND Pin=J3-46
Removed Pin From Net: NetName=GND Pin=J3-52
Removed Pin From Net: NetName=GND Pin=J3-53
Removed Pin From Net: NetName=GND Pin=J3-56
Removed Pin From Net: NetName=PORT0 Pin=J3-60
Removed Pin From Net: NetName=PORT2 Pin=J3-64
Removed Pin From Net: NetName=+5V Pin=J3-73
Removed Pin From Net: NetName=+5V Pin=J3-75
Removed Pin From Net: NetName=GND Pin=J4-01
Removed Pin From Net: NetName=GND Pin=J4-04
Removed Pin From Net: NetName=GND Pin=J4-05
Removed Pin From Net: NetName=GND Pin=J4-08
Removed Pin From Net: NetName=GND Pin=J4-09
Removed Pin From Net: NetName=GND Pin=J4-11
Removed Pin From Net: NetName=GND Pin=J4-12
Removed Pin From Net: NetName=+3.3V Pin=J4-14
Removed Pin From Net: NetName=+5V Pin=J4-15
Removed Pin From Net: NetName=+3.3V Pin=J4-16
Removed Pin From Net: NetName=GND Pin=J4-18
Removed Pin From Net: NetName=GPIO1 Pin=J4-21
Removed Pin From Net: NetName=GPIO3 Pin=J4-25
Removed Pin From Net: NetName=GND Pin=J4-36
Removed Pin From Net: NetName=A3 Pin=J4-43
Removed Pin From Net: NetName=A4 Pin=J4-45
Removed Pin From Net: NetName=GND Pin=J4-46
Removed Pin From Net: NetName=GND Pin=J4-52
Removed Pin From Net: NetName=GND Pin=J4-53
Removed Pin From Net: NetName=GND Pin=J4-56
Removed Pin From Net: NetName=PORT0 Pin=J4-60
Removed Pin From Net: NetName=PORT2 Pin=J4-64
Removed Pin From Net: NetName=+5V Pin=J4-73
Removed Pin From Net: NetName=+5V Pin=J4-75
Removed Pin From Net: NetName=GND Pin=J5-01
Removed Pin From Net: NetName=GND Pin=J5-04
Removed Pin From Net: NetName=GND Pin=J5-05
Removed Pin From Net: NetName=GND Pin=J5-08
Removed Pin From Net: NetName=GND Pin=J5-09
Removed Pin From Net: NetName=GND Pin=J5-11
Removed Pin From Net: NetName=GND Pin=J5-12
Removed Pin From Net: NetName=+3.3V Pin=J5-14
Removed Pin From Net: NetName=+5V Pin=J5-15
Removed Pin From Net: NetName=+3.3V Pin=J5-16
Removed Pin From Net: NetName=GND Pin=J5-18
Removed Pin From Net: NetName=GPIO1 Pin=J5-21
Removed Pin From Net: NetName=GPIO3 Pin=J5-25
Removed Pin From Net: NetName=GND Pin=J5-36
Removed Pin From Net: NetName=A3 Pin=J5-43
Removed Pin From Net: NetName=A4 Pin=J5-45
Removed Pin From Net: NetName=GND Pin=J5-46
Removed Pin From Net: NetName=GND Pin=J5-52
Removed Pin From Net: NetName=GND Pin=J5-53
Removed Pin From Net: NetName=GND Pin=J5-56
Removed Pin From Net: NetName=PORT0 Pin=J5-60
Removed Pin From Net: NetName=PORT2 Pin=J5-64
Removed Pin From Net: NetName=+5V Pin=J5-73
Removed Pin From Net: NetName=+5V Pin=J5-75
Removed Pin From Net: NetName=GND Pin=J6-01
Removed Pin From Net: NetName=GND Pin=J6-04
Removed Pin From Net: NetName=GND Pin=J6-05
Removed Pin From Net: NetName=GND Pin=J6-08
Removed Pin From Net: NetName=GND Pin=J6-09
Removed Pin From Net: NetName=GND Pin=J6-11
Removed Pin From Net: NetName=GND Pin=J6-12
Removed Pin From Net: NetName=+3.3V Pin=J6-14
Removed Pin From Net: NetName=+5V Pin=J6-15
Removed Pin From Net: NetName=+3.3V Pin=J6-16
Removed Pin From Net: NetName=GND Pin=J6-18
Removed Pin From Net: NetName=GPIO1 Pin=J6-21
Removed Pin From Net: NetName=GPIO3 Pin=J6-25
Removed Pin From Net: NetName=GND Pin=J6-36
Removed Pin From Net: NetName=A3 Pin=J6-43
Removed Pin From Net: NetName=A4 Pin=J6-45
Removed Pin From Net: NetName=GND Pin=J6-46
Removed Pin From Net: NetName=GND Pin=J6-52
Removed Pin From Net: NetName=GND Pin=J6-53
Removed Pin From Net: NetName=GND Pin=J6-56
Removed Pin From Net: NetName=PORT0 Pin=J6-60
Removed Pin From Net: NetName=PORT2 Pin=J6-64
Removed Pin From Net: NetName=+5V Pin=J6-73
Removed Pin From Net: NetName=+5V Pin=J6-75
Removed Pin From Net: NetName=GND Pin=J7-01
Removed Pin From Net: NetName=GND Pin=J7-04
Removed Pin From Net: NetName=GND Pin=J7-05
Removed Pin From Net: NetName=GND Pin=J7-08
Removed Pin From Net: NetName=GND Pin=J7-09
Removed Pin From Net: NetName=GND Pin=J7-11
Removed Pin From Net: NetName=GND Pin=J7-12
Removed Pin From Net: NetName=+3.3V Pin=J7-14
Removed Pin From Net: NetName=+5V Pin=J7-15
Removed Pin From Net: NetName=+3.3V Pin=J7-16
Removed Pin From Net: NetName=GND Pin=J7-18
Removed Pin From Net: NetName=GPIO1 Pin=J7-21
Removed Pin From Net: NetName=GPIO3 Pin=J7-25
Removed Pin From Net: NetName=GND Pin=J7-36
Removed Pin From Net: NetName=A3 Pin=J7-43
Removed Pin From Net: NetName=A4 Pin=J7-45
Removed Pin From Net: NetName=GND Pin=J7-46
Removed Pin From Net: NetName=GND Pin=J7-52
Removed Pin From Net: NetName=GND Pin=J7-53
Removed Pin From Net: NetName=GND Pin=J7-56
Removed Pin From Net: NetName=PORT0 Pin=J7-60
Removed Pin From Net: NetName=PORT2 Pin=J7-64
Removed Pin From Net: NetName=+5V Pin=J7-73
Removed Pin From Net: NetName=+5V Pin=J7-75
Removed Pin From Net: NetName=GND Pin=J8-01
Removed Pin From Net: NetName=GND Pin=J8-04
Removed Pin From Net: NetName=GND Pin=J8-05
Removed Pin From Net: NetName=GND Pin=J8-08
Removed Pin From Net: NetName=GND Pin=J8-09
Removed Pin From Net: NetName=GND Pin=J8-11
Removed Pin From Net: NetName=GND Pin=J8-12
Removed Pin From Net: NetName=+3.3V Pin=J8-14
Removed Pin From Net: NetName=+5V Pin=J8-15
Removed Pin From Net: NetName=+3.3V Pin=J8-16
Removed Pin From Net: NetName=GND Pin=J8-18
Removed Pin From Net: NetName=GPIO1 Pin=J8-21
Removed Pin From Net: NetName=GPIO3 Pin=J8-25
Removed Pin From Net: NetName=GND Pin=J8-36
Removed Pin From Net: NetName=A3 Pin=J8-43
Removed Pin From Net: NetName=A4 Pin=J8-45
Removed Pin From Net: NetName=GND Pin=J8-46
Removed Pin From Net: NetName=GND Pin=J8-52
Removed Pin From Net: NetName=GND Pin=J8-53
Removed Pin From Net: NetName=GND Pin=J8-56
Removed Pin From Net: NetName=PORT0 Pin=J8-60
Removed Pin From Net: NetName=PORT2 Pin=J8-64
Removed Pin From Net: NetName=+5V Pin=J8-73
Removed Pin From Net: NetName=+5V Pin=J8-75
Removed Pin From Net: NetName=GND Pin=J9-01
Removed Pin From Net: NetName=GND Pin=J9-04
Removed Pin From Net: NetName=GND Pin=J9-05
Removed Pin From Net: NetName=GND Pin=J9-08
Removed Pin From Net: NetName=GND Pin=J9-09
Removed Pin From Net: NetName=GND Pin=J9-11
Removed Pin From Net: NetName=GND Pin=J9-12
Removed Pin From Net: NetName=+3.3V Pin=J9-14
Removed Pin From Net: NetName=+5V Pin=J9-15
Removed Pin From Net: NetName=+3.3V Pin=J9-16
Removed Pin From Net: NetName=GND Pin=J9-18
Removed Pin From Net: NetName=GPIO1 Pin=J9-21
Removed Pin From Net: NetName=GPIO3 Pin=J9-25
Removed Pin From Net: NetName=GND Pin=J9-36
Removed Pin From Net: NetName=A3 Pin=J9-43
Removed Pin From Net: NetName=A4 Pin=J9-45
Removed Pin From Net: NetName=GND Pin=J9-46
Removed Pin From Net: NetName=GND Pin=J9-52
Removed Pin From Net: NetName=GND Pin=J9-53
Removed Pin From Net: NetName=GND Pin=J9-56
Removed Pin From Net: NetName=PORT0 Pin=J9-60
Removed Pin From Net: NetName=PORT2 Pin=J9-64
Removed Pin From Net: NetName=+5V Pin=J9-73
Removed Pin From Net: NetName=+5V Pin=J9-75
Added Pin To Net: NetName=SPI_SCK Pin=J1-01
Added Pin To Net: NetName=SPI_SCK Pin=J1-02
Added Pin To Net: NetName=I2C0_SDA Pin=J1-07
Added Pin To Net: NetName=SPI_MISO Pin=J1-10
Added Pin To Net: NetName=+5V Pin=J1-13
Added Pin To Net: NetName=GPIO0 Pin=J1-19
Added Pin To Net: NetName=UART0_RX Pin=J1-20
Added Pin To Net: NetName=UART0_TX Pin=J1-22
Added Pin To Net: NetName=GPIO2 Pin=J1-23
Added Pin To Net: NetName=UART1_TX Pin=J1-26
Added Pin To Net: NetName=GPIO4 Pin=J1-27
Added Pin To Net: NetName=UART2_RX Pin=J1-28
Added Pin To Net: NetName=GPIO5 Pin=J1-29
Added Pin To Net: NetName=UART2_TX Pin=J1-30
Added Pin To Net: NetName=GPIO6 Pin=J1-31
Added Pin To Net: NetName=GPIO7 Pin=J1-33
Added Pin To Net: NetName=UART3_TX Pin=J1-34
Added Pin To Net: NetName=A0 Pin=J1-37
Added Pin To Net: NetName=DAC0 Pin=J1-38
Added Pin To Net: NetName=DAC1 Pin=J1-40
Added Pin To Net: NetName=A2 Pin=J1-41
Added Pin To Net: NetName=A13 Pin=J1-42
Added Pin To Net: NetName=A12 Pin=J1-44
Added Pin To Net: NetName=A5 Pin=J1-47
Added Pin To Net: NetName=GPIO23 Pin=J1-48
Added Pin To Net: NetName=A6 Pin=J1-49
Added Pin To Net: NetName=GPIO22 Pin=J1-50
Added Pin To Net: NetName=A7 Pin=J1-51
Added Pin To Net: NetName=I2C1_SCL Pin=J1-54
Added Pin To Net: NetName=GPIO8 Pin=J1-55
Added Pin To Net: NetName=GPIO9 Pin=J1-57
Added Pin To Net: NetName=I2C1_SDA Pin=J1-58
Added Pin To Net: NetName=GPIO10 Pin=J1-59
Added Pin To Net: NetName=GPIO11 Pin=J1-61
Added Pin To Net: NetName=PORT1 Pin=J1-62
Added Pin To Net: NetName=GPIO13 Pin=J1-65
Added Pin To Net: NetName=PORT3 Pin=J1-66
Added Pin To Net: NetName=GPIO15 Pin=J1-69
Added Pin To Net: NetName=PORT5 Pin=J1-70
Added Pin To Net: NetName=SPI_SCK Pin=J2-01
Added Pin To Net: NetName=+3.3V Pin=J2-03
Added Pin To Net: NetName=+3.3V Pin=J2-04
Added Pin To Net: NetName=GND Pin=J2-06
Added Pin To Net: NetName=PORT2 Pin=J2-11
Added Pin To Net: NetName=A4 Pin=J2-14
Added Pin To Net: NetName=PORT0 Pin=J2-15
Added Pin To Net: NetName=A3 Pin=J2-16
Added Pin To Net: NetName=GND Pin=J2-21
Added Pin To Net: NetName=GND Pin=J2-24
Added Pin To Net: NetName=GND Pin=J2-25
Added Pin To Net: NetName=GND Pin=J2-32
Added Pin To Net: NetName=GND Pin=J2-39
Added Pin To Net: NetName=GND Pin=J2-43
Added Pin To Net: NetName=GND Pin=J2-45
Added Pin To Net: NetName=GPIO3 Pin=J2-52
Added Pin To Net: NetName=GPIO1 Pin=J2-56
Added Pin To Net: NetName=GND Pin=J2-60
Added Pin To Net: NetName=GND Pin=J2-63
Added Pin To Net: NetName=GND Pin=J2-64
Added Pin To Net: NetName=GND Pin=J2-67
Added Pin To Net: NetName=GND Pin=J2-68
Added Pin To Net: NetName=+3.3V Pin=J2-73
Added Pin To Net: NetName=+3.3V Pin=J2-75
Added Pin To Net: NetName=SPI_SCK Pin=J3-01
Added Pin To Net: NetName=+3.3V Pin=J3-03
Added Pin To Net: NetName=+3.3V Pin=J3-04
Added Pin To Net: NetName=GND Pin=J3-06
Added Pin To Net: NetName=PORT2 Pin=J3-11
Added Pin To Net: NetName=A4 Pin=J3-14
Added Pin To Net: NetName=PORT0 Pin=J3-15
Added Pin To Net: NetName=A3 Pin=J3-16
Added Pin To Net: NetName=GND Pin=J3-21
Added Pin To Net: NetName=GND Pin=J3-24
Added Pin To Net: NetName=GND Pin=J3-25
Added Pin To Net: NetName=GND Pin=J3-32
Added Pin To Net: NetName=GND Pin=J3-39
Added Pin To Net: NetName=GND Pin=J3-43
Added Pin To Net: NetName=GND Pin=J3-45
Added Pin To Net: NetName=GPIO3 Pin=J3-52
Added Pin To Net: NetName=GPIO1 Pin=J3-56
Added Pin To Net: NetName=GND Pin=J3-60
Added Pin To Net: NetName=GND Pin=J3-63
Added Pin To Net: NetName=GND Pin=J3-64
Added Pin To Net: NetName=GND Pin=J3-67
Added Pin To Net: NetName=GND Pin=J3-68
Added Pin To Net: NetName=+3.3V Pin=J3-73
Added Pin To Net: NetName=+3.3V Pin=J3-75
Added Pin To Net: NetName=SPI_SCK Pin=J4-01
Added Pin To Net: NetName=+3.3V Pin=J4-03
Added Pin To Net: NetName=+3.3V Pin=J4-04
Added Pin To Net: NetName=GND Pin=J4-06
Added Pin To Net: NetName=PORT2 Pin=J4-11
Added Pin To Net: NetName=A4 Pin=J4-14
Added Pin To Net: NetName=PORT0 Pin=J4-15
Added Pin To Net: NetName=A3 Pin=J4-16
Added Pin To Net: NetName=GND Pin=J4-21
Added Pin To Net: NetName=GND Pin=J4-24
Added Pin To Net: NetName=GND Pin=J4-25
Added Pin To Net: NetName=GND Pin=J4-32
Added Pin To Net: NetName=GND Pin=J4-39
Added Pin To Net: NetName=GND Pin=J4-43
Added Pin To Net: NetName=GND Pin=J4-45
Added Pin To Net: NetName=GPIO3 Pin=J4-52
Added Pin To Net: NetName=GPIO1 Pin=J4-56
Added Pin To Net: NetName=GND Pin=J4-60
Added Pin To Net: NetName=GND Pin=J4-63
Added Pin To Net: NetName=GND Pin=J4-64
Added Pin To Net: NetName=GND Pin=J4-67
Added Pin To Net: NetName=GND Pin=J4-68
Added Pin To Net: NetName=+3.3V Pin=J4-73
Added Pin To Net: NetName=+3.3V Pin=J4-75
Added Pin To Net: NetName=SPI_SCK Pin=J5-01
Added Pin To Net: NetName=+3.3V Pin=J5-03
Added Pin To Net: NetName=+3.3V Pin=J5-04
Added Pin To Net: NetName=GND Pin=J5-06
Added Pin To Net: NetName=PORT2 Pin=J5-11
Added Pin To Net: NetName=A4 Pin=J5-14
Added Pin To Net: NetName=PORT0 Pin=J5-15
Added Pin To Net: NetName=A3 Pin=J5-16
Added Pin To Net: NetName=GND Pin=J5-21
Added Pin To Net: NetName=GND Pin=J5-24
Added Pin To Net: NetName=GND Pin=J5-25
Added Pin To Net: NetName=GND Pin=J5-32
Added Pin To Net: NetName=GND Pin=J5-39
Added Pin To Net: NetName=GND Pin=J5-43
Added Pin To Net: NetName=GND Pin=J5-45
Added Pin To Net: NetName=GPIO3 Pin=J5-52
Added Pin To Net: NetName=GPIO1 Pin=J5-56
Added Pin To Net: NetName=GND Pin=J5-60
Added Pin To Net: NetName=GND Pin=J5-63
Added Pin To Net: NetName=GND Pin=J5-64
Added Pin To Net: NetName=GND Pin=J5-67
Added Pin To Net: NetName=GND Pin=J5-68
Added Pin To Net: NetName=+3.3V Pin=J5-73
Added Pin To Net: NetName=+3.3V Pin=J5-75
Added Pin To Net: NetName=SPI_SCK Pin=J6-01
Added Pin To Net: NetName=+3.3V Pin=J6-03
Added Pin To Net: NetName=+3.3V Pin=J6-04
Added Pin To Net: NetName=GND Pin=J6-06
Added Pin To Net: NetName=PORT2 Pin=J6-11
Added Pin To Net: NetName=A4 Pin=J6-14
Added Pin To Net: NetName=PORT0 Pin=J6-15
Added Pin To Net: NetName=A3 Pin=J6-16
Added Pin To Net: NetName=GND Pin=J6-21
Added Pin To Net: NetName=GND Pin=J6-24
Added Pin To Net: NetName=GND Pin=J6-25
Added Pin To Net: NetName=GND Pin=J6-32
Added Pin To Net: NetName=GND Pin=J6-39
Added Pin To Net: NetName=GND Pin=J6-43
Added Pin To Net: NetName=GND Pin=J6-45
Added Pin To Net: NetName=GPIO3 Pin=J6-52
Added Pin To Net: NetName=GPIO1 Pin=J6-56
Added Pin To Net: NetName=GND Pin=J6-60
Added Pin To Net: NetName=GND Pin=J6-63
Added Pin To Net: NetName=GND Pin=J6-64
Added Pin To Net: NetName=GND Pin=J6-67
Added Pin To Net: NetName=GND Pin=J6-68
Added Pin To Net: NetName=+3.3V Pin=J6-73
Added Pin To Net: NetName=+3.3V Pin=J6-75
Added Pin To Net: NetName=SPI_SCK Pin=J7-01
Added Pin To Net: NetName=+3.3V Pin=J7-03
Added Pin To Net: NetName=+3.3V Pin=J7-04
Added Pin To Net: NetName=GND Pin=J7-06
Added Pin To Net: NetName=PORT2 Pin=J7-11
Added Pin To Net: NetName=A4 Pin=J7-14
Added Pin To Net: NetName=PORT0 Pin=J7-15
Added Pin To Net: NetName=A3 Pin=J7-16
Added Pin To Net: NetName=GND Pin=J7-21
Added Pin To Net: NetName=GND Pin=J7-24
Added Pin To Net: NetName=GND Pin=J7-25
Added Pin To Net: NetName=GND Pin=J7-32
Added Pin To Net: NetName=GND Pin=J7-39
Added Pin To Net: NetName=GND Pin=J7-43
Added Pin To Net: NetName=GND Pin=J7-45
Added Pin To Net: NetName=GPIO3 Pin=J7-52
Added Pin To Net: NetName=GPIO1 Pin=J7-56
Added Pin To Net: NetName=GND Pin=J7-60
Added Pin To Net: NetName=GND Pin=J7-63
Added Pin To Net: NetName=GND Pin=J7-64
Added Pin To Net: NetName=GND Pin=J7-67
Added Pin To Net: NetName=GND Pin=J7-68
Added Pin To Net: NetName=+3.3V Pin=J7-73
Added Pin To Net: NetName=+3.3V Pin=J7-75
Added Pin To Net: NetName=SPI_SCK Pin=J8-01
Added Pin To Net: NetName=+3.3V Pin=J8-03
Added Pin To Net: NetName=+3.3V Pin=J8-04
Added Pin To Net: NetName=GND Pin=J8-06
Added Pin To Net: NetName=PORT2 Pin=J8-11
Added Pin To Net: NetName=A4 Pin=J8-14
Added Pin To Net: NetName=PORT0 Pin=J8-15
Added Pin To Net: NetName=A3 Pin=J8-16
Added Pin To Net: NetName=GND Pin=J8-21
Added Pin To Net: NetName=GND Pin=J8-24
Added Pin To Net: NetName=GND Pin=J8-25
Added Pin To Net: NetName=GND Pin=J8-32
Added Pin To Net: NetName=GND Pin=J8-39
Added Pin To Net: NetName=GND Pin=J8-43
Added Pin To Net: NetName=GND Pin=J8-45
Added Pin To Net: NetName=GPIO3 Pin=J8-52
Added Pin To Net: NetName=GPIO1 Pin=J8-56
Added Pin To Net: NetName=GND Pin=J8-60
Added Pin To Net: NetName=GND Pin=J8-63
Added Pin To Net: NetName=GND Pin=J8-64
Added Pin To Net: NetName=GND Pin=J8-67
Added Pin To Net: NetName=GND Pin=J8-68
Added Pin To Net: NetName=+3.3V Pin=J8-73
Added Pin To Net: NetName=+3.3V Pin=J8-75
Added Pin To Net: NetName=SPI_SCK Pin=J9-01
Added Pin To Net: NetName=+3.3V Pin=J9-03
Added Pin To Net: NetName=+3.3V Pin=J9-04
Added Pin To Net: NetName=GND Pin=J9-06
Added Pin To Net: NetName=PORT2 Pin=J9-11
Added Pin To Net: NetName=A4 Pin=J9-14
Added Pin To Net: NetName=PORT0 Pin=J9-15
Added Pin To Net: NetName=A3 Pin=J9-16
Added Pin To Net: NetName=GND Pin=J9-21
Added Pin To Net: NetName=GND Pin=J9-24
Added Pin To Net: NetName=GND Pin=J9-25
Added Pin To Net: NetName=GND Pin=J9-32
Added Pin To Net: NetName=GND Pin=J9-39
Added Pin To Net: NetName=GND Pin=J9-43
Added Pin To Net: NetName=GND Pin=J9-45
Added Pin To Net: NetName=GPIO3 Pin=J9-52
Added Pin To Net: NetName=GPIO1 Pin=J9-56
Added Pin To Net: NetName=GND Pin=J9-60
Added Pin To Net: NetName=GND Pin=J9-63
Added Pin To Net: NetName=GND Pin=J9-64
Added Pin To Net: NetName=GND Pin=J9-67
Added Pin To Net: NetName=GND Pin=J9-68
Added Pin To Net: NetName=+3.3V Pin=J9-73
Added Pin To Net: NetName=+3.3V Pin=J9-75
Change Net Name : Old Net Name=+5V New Net Name=PORT1
Change Net Name : Old Net Name=A0 New Net Name=DAC1
Change Net Name : Old Net Name=A2 New Net Name=DAC0
Change Net Name : Old Net Name=A5 New Net Name=UART3_TX
Change Net Name : Old Net Name=A6 New Net Name=UART3_RX
Change Net Name : Old Net Name=A7 New Net Name=UART2_TX
Change Net Name : Old Net Name=A12 New Net Name=GPIO7
Change Net Name : Old Net Name=A13 New Net Name=GPIO8
Change Net Name : Old Net Name=DAC0 New Net Name=GPIO10
Change Net Name : Old Net Name=DAC1 New Net Name=GPIO9
Change Net Name : Old Net Name=GPIO0 New Net Name=I2C1_SDA
Change Net Name : Old Net Name=GPIO2 New Net Name=I2C1_SCL
Change Net Name : Old Net Name=GPIO4 New Net Name=GPIO22
Change Net Name : Old Net Name=GPIO5 New Net Name=GPIO23
Change Net Name : Old Net Name=GPIO6 New Net Name=A12
Change Net Name : Old Net Name=GPIO7 New Net Name=A13
Change Net Name : Old Net Name=GPIO8 New Net Name=UART1_TX
Change Net Name : Old Net Name=GPIO9 New Net Name=UART1_RX
Change Net Name : Old Net Name=GPIO10 New Net Name=UART0_TX
Change Net Name : Old Net Name=GPIO11 New Net Name=UART0_RX
Change Net Name : Old Net Name=GPIO13 New Net Name=I2C0_SDA
Change Net Name : Old Net Name=GPIO15 New Net Name=I2C0_SCL
Change Net Name : Old Net Name=GPIO22 New Net Name=GPIO4
Change Net Name : Old Net Name=GPIO23 New Net Name=GPIO5
Change Net Name : Old Net Name=I2C0_SDA New Net Name=PORT4
Change Net Name : Old Net Name=I2C1_SCL New Net Name=GPIO2
Change Net Name : Old Net Name=I2C1_SDA New Net Name=GPIO0
Change Net Name : Old Net Name=PORT1 New Net Name=SPI_MISO
Change Net Name : Old Net Name=PORT3 New Net Name=SPI_MOSI
Change Net Name : Old Net Name=PORT5 New Net Name=SPI_SCK
Change Net Name : Old Net Name=SPI_MISO New Net Name=A6
Change Net Name : Old Net Name=SPI_SCK New Net Name=+5V
Change Net Name : Old Net Name=UART0_RX New Net Name=A1
Change Net Name : Old Net Name=UART0_TX New Net Name=A0
Change Net Name : Old Net Name=UART1_TX New Net Name=GPIO15
Change Net Name : Old Net Name=UART2_RX New Net Name=GPIO14
Change Net Name : Old Net Name=UART2_TX New Net Name=GPIO13
Change Net Name : Old Net Name=UART3_TX New Net Name=GPIO12
Added Pin To Net: NetName=A2 Pin=J1-18
Added Pin To Net: NetName=A2 Pin=J2-18
Added Pin To Net: NetName=A2 Pin=J3-18
Added Pin To Net: NetName=A2 Pin=J4-18
Added Pin To Net: NetName=A2 Pin=J5-18
Added Pin To Net: NetName=A2 Pin=J6-18
Added Pin To Net: NetName=A2 Pin=J7-18
Added Pin To Net: NetName=A2 Pin=J8-18
Added Pin To Net: NetName=A2 Pin=J9-18
Added Net: Name=A2
Added Pin To Net: NetName=A5 Pin=J1-12
Added Pin To Net: NetName=A5 Pin=J2-12
Added Pin To Net: NetName=A5 Pin=J3-12
Added Pin To Net: NetName=A5 Pin=J4-12
Added Pin To Net: NetName=A5 Pin=J5-12
Added Pin To Net: NetName=A5 Pin=J6-12
Added Pin To Net: NetName=A5 Pin=J7-12
Added Pin To Net: NetName=A5 Pin=J8-12
Added Pin To Net: NetName=A5 Pin=J9-12
Added Net: Name=A5
Added Pin To Net: NetName=A7 Pin=J1-08
Added Pin To Net: NetName=A7 Pin=J2-08
Added Pin To Net: NetName=A7 Pin=J3-08
Added Pin To Net: NetName=A7 Pin=J4-08
Added Pin To Net: NetName=A7 Pin=J5-08
Added Pin To Net: NetName=A7 Pin=J6-08
Added Pin To Net: NetName=A7 Pin=J7-08
Added Pin To Net: NetName=A7 Pin=J8-08
Added Pin To Net: NetName=A7 Pin=J9-08
Added Net: Name=A7
Added Pin To Net: NetName=GPIO6 Pin=J1-46
Added Pin To Net: NetName=GPIO6 Pin=J2-46
Added Pin To Net: NetName=GPIO6 Pin=J3-46
Added Pin To Net: NetName=GPIO6 Pin=J4-46
Added Pin To Net: NetName=GPIO6 Pin=J5-46
Added Pin To Net: NetName=GPIO6 Pin=J6-46
Added Pin To Net: NetName=GPIO6 Pin=J7-46
Added Pin To Net: NetName=GPIO6 Pin=J8-46
Added Pin To Net: NetName=GPIO6 Pin=J9-46
Added Net: Name=GPIO6
Added Pin To Net: NetName=GPIO11 Pin=J1-36
Added Pin To Net: NetName=GPIO11 Pin=J2-36
Added Pin To Net: NetName=GPIO11 Pin=J3-36
Added Pin To Net: NetName=GPIO11 Pin=J4-36
Added Pin To Net: NetName=GPIO11 Pin=J5-36
Added Pin To Net: NetName=GPIO11 Pin=J6-36
Added Pin To Net: NetName=GPIO11 Pin=J7-36
Added Pin To Net: NetName=GPIO11 Pin=J8-36
Added Pin To Net: NetName=GPIO11 Pin=J9-36
Added Net: Name=GPIO11
Added Pin To Net: NetName=PORT3 Pin=J1-09
Added Pin To Net: NetName=PORT3 Pin=J2-09
Added Pin To Net: NetName=PORT3 Pin=J3-09
Added Pin To Net: NetName=PORT3 Pin=J4-09
Added Pin To Net: NetName=PORT3 Pin=J5-09
Added Pin To Net: NetName=PORT3 Pin=J6-09
Added Pin To Net: NetName=PORT3 Pin=J7-09
Added Pin To Net: NetName=PORT3 Pin=J8-09
Added Pin To Net: NetName=PORT3 Pin=J9-09
Added Net: Name=PORT3
Added Pin To Net: NetName=PORT5 Pin=J1-05
Added Pin To Net: NetName=PORT5 Pin=J2-05
Added Pin To Net: NetName=PORT5 Pin=J3-05
Added Pin To Net: NetName=PORT5 Pin=J4-05
Added Pin To Net: NetName=PORT5 Pin=J5-05
Added Pin To Net: NetName=PORT5 Pin=J6-05
Added Pin To Net: NetName=PORT5 Pin=J7-05
Added Pin To Net: NetName=PORT5 Pin=J8-05
Added Pin To Net: NetName=PORT5 Pin=J9-05
Added Net: Name=PORT5
Added Pin To Net: NetName=SLO2LED Pin=J2-78
Added Net: Name=SLO2LED
Added Pin To Net: NetName=UART2_RX Pin=J1-53
Added Pin To Net: NetName=UART2_RX Pin=J2-53
Added Pin To Net: NetName=UART2_RX Pin=J3-53
Added Pin To Net: NetName=UART2_RX Pin=J4-53
Added Pin To Net: NetName=UART2_RX Pin=J5-53
Added Pin To Net: NetName=UART2_RX Pin=J6-53
Added Pin To Net: NetName=UART2_RX Pin=J7-53
Added Pin To Net: NetName=UART2_RX Pin=J8-53
Added Pin To Net: NetName=UART2_RX Pin=J9-53
Added Net: Name=UART2_RX
